#
# A fatal error has been detected by the Java Runtime Environment:
#
#  SIGSEGV (0xb) at pc=0x00000001019f23e5, pid=15202, tid=12035
#
# JRE version: Java(TM) SE Runtime Environment (7.0_80-b15) (build 1.7.0_80-b15)
# Java VM: Java HotSpot(TM) 64-Bit Server VM (24.80-b11 mixed mode bsd-amd64 compressed oops)
# Problematic frame:
# V  [libjvm.dylib+0x1f23e5]
#
# Failed to write core dump. Core dumps have been disabled. To enable core dumping, try "ulimit -c unlimited" before starting Java again
#
# If you would like to submit a bug report, please visit:
#   http://bugreport.java.com/bugreport/crash.jsp
#

---------------  T H R E A D  ---------------

Current thread (0x000000010084d000):  GCTaskThread [stack: 0x00000001083bc000,0x00000001084bc000] [id=12035]

siginfo:si_signo=SIGSEGV: si_errno=0, si_code=1 (SEGV_MAPERR), si_addr=0x00000003baea9000

Registers:
RAX=0x0000000101f7e940, RBX=0x0000000000000001, RCX=0x0000000000000003, RDX=0x0000000000000001
RSP=0x00000001084bbc90, RBP=0x00000001084bbc90, RSI=0x00000007efbdce18, RDI=0x00000003baea8fe8
R8 =0x0000000000000010, R9 =0x0000000000000001, R10=0x0000000000000001, R11=0x00000007ff6881a0
R12=0x0000000102019698, R13=0x00000007ff688541, R14=0x0000000100206120, R15=0x00000001002061c0
RIP=0x00000001019f23e5, EFLAGS=0x0000000000010206, ERR=0x0000000000000004
  TRAPNO=0x000000000000000e

Top of Stack: (sp=0x00000001084bbc90)
0x00000001084bbc90:   00000001084bbd00 0000000101c5dfd5
0x00000001084bbca0:   00000007c111cea0 00000007efbdce18
0x00000001084bbcb0:   00000007ff688000 0000000000001000
0x00000001084bbcc0:   00000007c1139188 0000000000000400
0x00000001084bbcd0:   000000000000000d 00000007ff688541
0x00000001084bbce0:   0000000102019698 00000007ff688541
0x00000001084bbcf0:   00000007ff688540 00000001002061c0
0x00000001084bbd00:   00000001084bbd20 0000000101c5e401
0x00000001084bbd10:   0000000100206120 0000000100206188
0x00000001084bbd20:   00000001084bbd80 0000000101c5d3e2
0x00000001084bbd30:   0000000000000000 0100000101d80801
0x00000001084bbd40:   00000007ff688541 000000010011f100
0x00000001084bbd50:   00000001084bbd80 0000000000000000
0x00000001084bbd60:   0000000000000000 0000000101d808a6
0x00000001084bbd70:   00000001011cb8d0 0000000100206120
0x00000001084bbd80:   00000001084bbdd0 0000000101c60b25
0x00000001084bbd90:   0000000000000000 0000000000000000
0x00000001084bbda0:   00000001084bbdd0 000000010084d000
0x00000001084bbdb0:   0000000000000000 0000000101d808a6
0x00000001084bbdc0:   00000001011cb8d0 0000000000000001
0x00000001084bbdd0:   00000001084bbeb0 0000000101a6e32f
0x00000001084bbde0:   00000001084bbe10 000000010011c140
0x00000001084bbdf0:   000000010011c170 000000010011c180
0x00000001084bbe00:   000000010011c558 00000000000003d8
0x00000001084bbe10:   000000010084d000 000000010011c560
0x00000001084bbe20:   000000010011c590 000000010011c5a0
0x00000001084bbe30:   000000010011c978 00000000000003d8
0x00000001084bbe40:   00000001084bbe50 0000000000000000
0x00000001084bbe50:   000000010084d000 000000010011c560
0x00000001084bbe60:   000000010011c590 000000010011c5a0
0x00000001084bbe70:   000000010011c978 00000000000003d8
0x00000001084bbe80:   000000010011c980 000000010084d000 

Instructions: (pc=0x00000001019f23e5)
0x00000001019f23c5:   84 d2 48 89 fe 74 15 48 8d 05 6d c5 58 00 8a 48
0x00000001019f23d5:   08 8b 7e 08 48 d3 e7 48 03 38 eb 04 48 8b 7e 08
0x00000001019f23e5:   8b 47 18 48 83 c7 10 85 c0 7e 09 a8 01 75 4e c1
0x00000001019f23f5:   f8 03 eb 47 85 c0 7f 43 85 c0 79 41 84 d2 0f 94 

Register to memory mapping:

RAX=0x0000000101f7e940: _ZN8Universe11_narrow_oopE+0 in /Library/Java/JavaVirtualMachines/jdk1.7.0_80.jdk/Contents/Home/jre/lib/server/libjvm.dylib at 0x0000000101800000
RBX=0x0000000000000001 is an unknown value
RCX=0x0000000000000003 is an unknown value
RDX=0x0000000000000001 is an unknown value
RSP=0x00000001084bbc90 is an unknown value
RBP=0x00000001084bbc90 is an unknown value
RSI=0x00000007efbdce18 is an unknown value
RDI=0x00000003baea8fe8 is an unknown value
R8 =0x0000000000000010 is an unknown value
R9 =0x0000000000000001 is an unknown value
R10=0x0000000000000001 is an unknown value
R11=0x00000007ff6881a0 is an oop
[Ljava.lang.Object; 
 - klass: 'java/lang/Object'[]
 - length: 14
R12=0x0000000102019698: _ZN2os16_processor_countE+0 in /Library/Java/JavaVirtualMachines/jdk1.7.0_80.jdk/Contents/Home/jre/lib/server/libjvm.dylib at 0x0000000101800000
R13=0x00000007ff688541 is an unknown value
R14=0x0000000100206120 is an unknown value
R15=0x00000001002061c0 is an unknown value


Stack: [0x00000001083bc000,0x00000001084bc000],  sp=0x00000001084bbc90,  free space=1023k
Native frames: (J=compiled Java code, j=interpreted, Vv=VM code, C=native code)
V  [libjvm.dylib+0x1f23e5]
V  [libjvm.dylib+0x45dfd5]
V  [libjvm.dylib+0x45e401]
V  [libjvm.dylib+0x45d3e2]
V  [libjvm.dylib+0x460b25]
V  [libjvm.dylib+0x26e32f]
V  [libjvm.dylib+0x422b92]
C  [libSystem.B.dylib+0x39fd6]  _pthread_start+0x14b
C  [libSystem.B.dylib+0x39e89]  thread_start+0xd


---------------  P R O C E S S  ---------------

Java Threads: ( => current thread )
  0x000000010095f000 JavaThread "clojure-agent-send-off-pool-1" [_thread_blocked, id=24579, stack(0x000000010c743000,0x000000010c843000)]
  0x0000000100b3d000 JavaThread "clojure-agent-send-off-pool-0" [_thread_blocked, id=16135, stack(0x000000010c640000,0x000000010c740000)]
  0x000000010089d000 JavaThread "Service Thread" daemon [_thread_blocked, id=19203, stack(0x000000010c10a000,0x000000010c20a000)]
  0x000000010089c000 JavaThread "C1 CompilerThread1" daemon [_thread_blocked, id=18691, stack(0x000000010c007000,0x000000010c107000)]
  0x000000010089a800 JavaThread "C2 CompilerThread0" daemon [_thread_blocked, id=18179, stack(0x000000010bf04000,0x000000010c004000)]
  0x0000000100874000 JavaThread "Signal Dispatcher" daemon [_thread_blocked, id=17667, stack(0x000000010be01000,0x000000010bf01000)]
  0x000000010102a000 JavaThread "Finalizer" daemon [_thread_blocked, id=14083, stack(0x000000010b8fa000,0x000000010b9fa000)]
  0x000000010086d800 JavaThread "Reference Handler" daemon [_thread_blocked, id=13571, stack(0x000000010b7f7000,0x000000010b8f7000)]
  0x0000000101002800 JavaThread "main" [_thread_blocked, id=1551, stack(0x0000000100301000,0x0000000100401000)]

Other Threads:
  0x0000000101029800 VMThread [stack: 0x000000010b6f4000,0x000000010b7f4000] [id=13059]
  0x0000000100898000 WatcherThread [stack: 0x000000010c20d000,0x000000010c30d000] [id=19715]

=>0x000000010084d000 (exited) GCTaskThread [stack: 0x00000001083bc000,0x00000001084bc000] [id=12035]

VM state:at safepoint (normal execution)

VM Mutex/Monitor currently owned by a thread:  ([mutex/lock_event])
[0x00000001001151b0] Threads_lock - owner thread: 0x0000000101029800
[0x00000001001156b0] Heap_lock - owner thread: 0x0000000100b3d000

Heap
 PSYoungGen      total 344576K, used 342176K [0x00000007eaa80000, 0x0000000800000000, 0x0000000800000000)
  eden space 339456K, 100% used [0x00000007eaa80000,0x00000007ff600000,0x00000007ff600000)
  from space 5120K, 53% used [0x00000007ffb00000,0x00000007ffda8000,0x0000000800000000)
  to   space 5120K, 61% used [0x00000007ff600000,0x00000007ff918000,0x00000007ffb00000)
 ParOldGen       total 43520K, used 19268K [0x00000007c0000000, 0x00000007c2a80000, 0x00000007eaa80000)
  object space 43520K, 44% used [0x00000007c0000000,0x00000007c12d1188,0x00000007c2a80000)
 PSPermGen       total 24576K, used 24319K [0x00000007bae00000, 0x00000007bc600000, 0x00000007c0000000)
  object space 24576K, 98% used [0x00000007bae00000,0x00000007bc5bfc28,0x00000007bc600000)

Card table byte_map: [0x000000010058c000,0x00000001007b6000] byte_map_base: 0x00000000fc7b5000

Polling page: 0x00000001000f2000

Code Cache  [0x0000000102265000, 0x0000000102735000, 0x0000000108265000)
 total_blobs=2432 nmethods=2116 adapters=251 free_code_cache=93383Kb largest_free_block=95623936

Compilation events (10 events):
Event: 33,271 Thread 0x000000010089c000 2115       1       net.cgrand.parsley.lrplus$filter_keys::invoke (43 bytes)
Event: 33,272 Thread 0x000000010089c000 nmethod 2115 0x0000000102731e50 code [0x0000000102731fc0, 0x0000000102732328]
Event: 33,272 Thread 0x000000010089c000 2116       1       net.cgrand.parsley.lrplus$filter_keys$iter__8867__8871::<init> (10 bytes)
Event: 33,272 Thread 0x000000010089c000 nmethod 2116 0x0000000102732490 code [0x00000001027325e0, 0x0000000102732750]
Event: 33,273 Thread 0x000000010089c000 2117       1       net.cgrand.parsley.lrplus.TableState::<init> (44 bytes)
Event: 33,274 Thread 0x000000010089c000 nmethod 2117 0x0000000102732790 code [0x00000001027328e0, 0x0000000102732ad0]
Event: 33,274 Thread 0x000000010089c000 2118       1       net.cgrand.parsley.lrplus.TableState::valAt (14 bytes)
Event: 33,274 Thread 0x000000010089c000 nmethod 2118 0x0000000102732b10 code [0x0000000102732c80, 0x0000000102732de8]
Event: 33,274 Thread 0x000000010089c000 2119       1       net.cgrand.parsley.lrplus.TableState::valAt (140 bytes)
Event: 33,276 Thread 0x000000010089c000 nmethod 2119 0x0000000102732e50 code [0x0000000102732fe0, 0x00000001027333e8]

GC Heap History (10 events):
Event: 24,559 GC heap after
Heap after GC invocations=8 (full 0):
 PSYoungGen      total 139776K, used 3712K [0x00000007eaa80000, 0x00000007f3780000, 0x0000000800000000)
  eden space 135168K, 0% used [0x00000007eaa80000,0x00000007eaa80000,0x00000007f2e80000)
  from space 4608K, 80% used [0x00000007f3300000,0x00000007f36a0000,0x00000007f3780000)
  to   space 4608K, 0% used [0x00000007f2e80000,0x00000007f2e80000,0x00000007f3300000)
 ParOldGen       total 43520K, used 7120K [0x00000007c0000000, 0x00000007c2a80000, 0x00000007eaa80000)
  object space 43520K, 16% used [0x00000007c0000000,0x00000007c06f4218,0x00000007c2a80000)
 PSPermGen       total 24064K, used 23669K [0x00000007bae00000, 0x00000007bc580000, 0x00000007c0000000)
  object space 24064K, 98% used [0x00000007bae00000,0x00000007bc51d670,0x00000007bc580000)
}
Event: 26,014 GC heap before
{Heap before GC invocations=9 (full 0):
 PSYoungGen      total 139776K, used 138880K [0x00000007eaa80000, 0x00000007f3780000, 0x0000000800000000)
  eden space 135168K, 100% used [0x00000007eaa80000,0x00000007f2e80000,0x00000007f2e80000)
  from space 4608K, 80% used [0x00000007f3300000,0x00000007f36a0000,0x00000007f3780000)
  to   space 4608K, 0% used [0x00000007f2e80000,0x00000007f2e80000,0x00000007f3300000)
 ParOldGen       total 43520K, used 7120K [0x00000007c0000000, 0x00000007c2a80000, 0x00000007eaa80000)
  object space 43520K, 16% used [0x00000007c0000000,0x00000007c06f4218,0x00000007c2a80000)
 PSPermGen       total 24064K, used 24056K [0x00000007bae00000, 0x00000007bc580000, 0x00000007c0000000)
  object space 24064K, 99% used [0x00000007bae00000,0x00000007bc57e3f0,0x00000007bc580000)
Event: 26,081 GC heap after
Heap after GC invocations=9 (full 0):
 PSYoungGen      total 139776K, used 4448K [0x00000007eaa80000, 0x00000007f8800000, 0x0000000800000000)
  eden space 135168K, 0% used [0x00000007eaa80000,0x00000007eaa80000,0x00000007f2e80000)
  from space 4608K, 96% used [0x00000007f2e80000,0x00000007f32d8000,0x00000007f3300000)
  to   space 5120K, 0% used [0x00000007f8300000,0x00000007f8300000,0x00000007f8800000)
 ParOldGen       total 43520K, used 8479K [0x00000007c0000000, 0x00000007c2a80000, 0x00000007eaa80000)
  object space 43520K, 19% used [0x00000007c0000000,0x00000007c0847cf8,0x00000007c2a80000)
 PSPermGen       total 24064K, used 24056K [0x00000007bae00000, 0x00000007bc580000, 0x00000007c0000000)
  object space 24064K, 99% used [0x00000007bae00000,0x00000007bc57e3f0,0x00000007bc580000)
}
Event: 27,255 GC heap before
{Heap before GC invocations=10 (full 0):
 PSYoungGen      total 139776K, used 139616K [0x00000007eaa80000, 0x00000007f8800000, 0x0000000800000000)
  eden space 135168K, 100% used [0x00000007eaa80000,0x00000007f2e80000,0x00000007f2e80000)
  from space 4608K, 96% used [0x00000007f2e80000,0x00000007f32d8000,0x00000007f3300000)
  to   space 5120K, 0% used [0x00000007f8300000,0x00000007f8300000,0x00000007f8800000)
 ParOldGen       total 43520K, used 8479K [0x00000007c0000000, 0x00000007c2a80000, 0x00000007eaa80000)
  object space 43520K, 19% used [0x00000007c0000000,0x00000007c0847cf8,0x00000007c2a80000)
 PSPermGen       total 24576K, used 24196K [0x00000007bae00000, 0x00000007bc600000, 0x00000007c0000000)
  object space 24576K, 98% used [0x00000007bae00000,0x00000007bc5a1100,0x00000007bc600000)
Event: 27,324 GC heap after
Heap after GC invocations=10 (full 0):
 PSYoungGen      total 221696K, used 3936K [0x00000007eaa80000, 0x00000007f8800000, 0x0000000800000000)
  eden space 216576K, 0% used [0x00000007eaa80000,0x00000007eaa80000,0x00000007f7e00000)
  from space 5120K, 76% used [0x00000007f8300000,0x00000007f86d8000,0x00000007f8800000)
  to   space 5120K, 0% used [0x00000007f7e00000,0x00000007f7e00000,0x00000007f8300000)
 ParOldGen       total 43520K, used 10839K [0x00000007c0000000, 0x00000007c2a80000, 0x00000007eaa80000)
  object space 43520K, 24% used [0x00000007c0000000,0x00000007c0a95cf8,0x00000007c2a80000)
 PSPermGen       total 24576K, used 24196K [0x00000007bae00000, 0x00000007bc600000, 0x00000007c0000000)
  object space 24576K, 98% used [0x00000007bae00000,0x00000007bc5a1100,0x00000007bc600000)
}
Event: 29,013 GC heap before
{Heap before GC invocations=11 (full 0):
 PSYoungGen      total 221696K, used 220512K [0x00000007eaa80000, 0x00000007f8800000, 0x0000000800000000)
  eden space 216576K, 100% used [0x00000007eaa80000,0x00000007f7e00000,0x00000007f7e00000)
  from space 5120K, 76% used [0x00000007f8300000,0x00000007f86d8000,0x00000007f8800000)
  to   space 5120K, 0% used [0x00000007f7e00000,0x00000007f7e00000,0x00000007f8300000)
 ParOldGen       total 43520K, used 10839K [0x00000007c0000000, 0x00000007c2a80000, 0x00000007eaa80000)
  object space 43520K, 24% used [0x00000007c0000000,0x00000007c0a95cf8,0x00000007c2a80000)
 PSPermGen       total 24576K, used 24304K [0x00000007bae00000, 0x00000007bc600000, 0x00000007c0000000)
  object space 24576K, 98% used [0x00000007bae00000,0x00000007bc5bc318,0x00000007bc600000)
Event: 29,078 GC heap after
Heap after GC invocations=11 (full 0):
 PSYoungGen      total 221696K, used 2848K [0x00000007eaa80000, 0x0000000800000000, 0x0000000800000000)
  eden space 216576K, 0% used [0x00000007eaa80000,0x00000007eaa80000,0x00000007f7e00000)
  from space 5120K, 55% used [0x00000007f7e00000,0x00000007f80c8000,0x00000007f8300000)
  to   space 5120K, 0% used [0x00000007ffb00000,0x00000007ffb00000,0x0000000800000000)
 ParOldGen       total 43520K, used 14708K [0x00000007c0000000, 0x00000007c2a80000, 0x00000007eaa80000)
  object space 43520K, 33% used [0x00000007c0000000,0x00000007c0e5d188,0x00000007c2a80000)
 PSPermGen       total 24576K, used 24304K [0x00000007bae00000, 0x00000007bc600000, 0x00000007c0000000)
  object space 24576K, 98% used [0x00000007bae00000,0x00000007bc5bc318,0x00000007bc600000)
}
Event: 30,475 GC heap before
{Heap before GC invocations=12 (full 0):
 PSYoungGen      total 221696K, used 219424K [0x00000007eaa80000, 0x0000000800000000, 0x0000000800000000)
  eden space 216576K, 100% used [0x00000007eaa80000,0x00000007f7e00000,0x00000007f7e00000)
  from space 5120K, 55% used [0x00000007f7e00000,0x00000007f80c8000,0x00000007f8300000)
  to   space 5120K, 0% used [0x00000007ffb00000,0x00000007ffb00000,0x0000000800000000)
 ParOldGen       total 43520K, used 14708K [0x00000007c0000000, 0x00000007c2a80000, 0x00000007eaa80000)
  object space 43520K, 33% used [0x00000007c0000000,0x00000007c0e5d188,0x00000007c2a80000)
 PSPermGen       total 24576K, used 24317K [0x00000007bae00000, 0x00000007bc600000, 0x00000007c0000000)
  object space 24576K, 98% used [0x00000007bae00000,0x00000007bc5bf4f0,0x00000007bc600000)
Event: 30,546 GC heap after
Heap after GC invocations=12 (full 0):
 PSYoungGen      total 344576K, used 2720K [0x00000007eaa80000, 0x0000000800000000, 0x0000000800000000)
  eden space 339456K, 0% used [0x00000007eaa80000,0x00000007eaa80000,0x00000007ff600000)
  from space 5120K, 53% used [0x00000007ffb00000,0x00000007ffda8000,0x0000000800000000)
  to   space 5120K, 0% used [0x00000007ff600000,0x00000007ff600000,0x00000007ffb00000)
 ParOldGen       total 43520K, used 17524K [0x00000007c0000000, 0x00000007c2a80000, 0x00000007eaa80000)
  object space 43520K, 40% used [0x00000007c0000000,0x00000007c111d188,0x00000007c2a80000)
 PSPermGen       total 24576K, used 24317K [0x00000007bae00000, 0x00000007bc600000, 0x00000007c0000000)
  object space 24576K, 98% used [0x00000007bae00000,0x00000007bc5bf4f0,0x00000007bc600000)
}
Event: 33,290 GC heap before
{Heap before GC invocations=13 (full 0):
 PSYoungGen      total 344576K, used 342176K [0x00000007eaa80000, 0x0000000800000000, 0x0000000800000000)
  eden space 339456K, 100% used [0x00000007eaa80000,0x00000007ff600000,0x00000007ff600000)
  from space 5120K, 53% used [0x00000007ffb00000,0x00000007ffda8000,0x0000000800000000)
  to   space 5120K, 0% used [0x00000007ff600000,0x00000007ff600000,0x00000007ffb00000)
 ParOldGen       total 43520K, used 17524K [0x00000007c0000000, 0x00000007c2a80000, 0x00000007eaa80000)
  object space 43520K, 40% used [0x00000007c0000000,0x00000007c111d188,0x00000007c2a80000)
 PSPermGen       total 24576K, used 24319K [0x00000007bae00000, 0x00000007bc600000, 0x00000007c0000000)
  object space 24576K, 98% used [0x00000007bae00000,0x00000007bc5bfc28,0x00000007bc600000)

Deoptimization events (0 events):
No events

Internal exceptions (10 events):
Event: 22,291 Thread 0x0000000101002800 Threw 0x00000007ec723320 at /Users/java_re/workspace/7u-2-build-macosx-x86_64/jdk7u80/2329/hotspot/src/share/vm/prims/jvm.cpp:1319
Event: 22,371 Thread 0x0000000101002800 Threw 0x00000007ec8c75f8 at /Users/java_re/workspace/7u-2-build-macosx-x86_64/jdk7u80/2329/hotspot/src/share/vm/classfile/systemDictionary.cpp:185
Event: 22,412 Thread 0x0000000101002800 Threw 0x00000007eca01148 at /Users/java_re/workspace/7u-2-build-macosx-x86_64/jdk7u80/2329/hotspot/src/share/vm/prims/jvm.cpp:1319
Event: 22,413 Thread 0x0000000101002800 Threw 0x00000007eca01cf8 at /Users/java_re/workspace/7u-2-build-macosx-x86_64/jdk7u80/2329/hotspot/src/share/vm/prims/jvm.cpp:1319
Event: 22,816 Thread 0x0000000101002800 Threw 0x00000007eb0018c8 at /Users/java_re/workspace/7u-2-build-macosx-x86_64/jdk7u80/2329/hotspot/src/share/vm/prims/jvm.cpp:1319
Event: 22,816 Thread 0x0000000101002800 Threw 0x00000007eb0038b8 at /Users/java_re/workspace/7u-2-build-macosx-x86_64/jdk7u80/2329/hotspot/src/share/vm/prims/jvm.cpp:1319
Event: 22,817 Thread 0x0000000101002800 Threw 0x00000007eb0094c8 at /Users/java_re/workspace/7u-2-build-macosx-x86_64/jdk7u80/2329/hotspot/src/share/vm/prims/jvm.cpp:1319
Event: 22,817 Thread 0x0000000101002800 Threw 0x00000007eb00b5e0 at /Users/java_re/workspace/7u-2-build-macosx-x86_64/jdk7u80/2329/hotspot/src/share/vm/prims/jvm.cpp:1319
Event: 29,157 Thread 0x000000010095f000 Threw 0x00000007ebeb11b8 at /Users/java_re/workspace/7u-2-build-macosx-x86_64/jdk7u80/2329/hotspot/src/share/vm/prims/jni.cpp:717
Event: 29,157 Thread 0x000000010095f000 Threw 0x00000007ebeb1890 at /Users/java_re/workspace/7u-2-build-macosx-x86_64/jdk7u80/2329/hotspot/src/share/vm/runtime/reflection.cpp:1030

Events (10 events):
Event: 30,466 Thread 0x000000010089c000 flushing nmethod 0x00000001026b2390
Event: 30,474 Executing VM operation: ParallelGCFailedAllocation
Event: 30,546 Executing VM operation: ParallelGCFailedAllocation done
Event: 30,546 Executing VM operation: RevokeBias
Event: 30,547 Executing VM operation: RevokeBias done
Event: 30,547 Executing VM operation: RevokeBias
Event: 30,547 Executing VM operation: RevokeBias done
Event: 32,098 Executing VM operation: RevokeBias
Event: 32,104 Executing VM operation: RevokeBias done
Event: 33,289 Executing VM operation: ParallelGCFailedAllocation


Dynamic libraries:
0x0000000000000000 	/System/Library/Frameworks/Cocoa.framework/Versions/A/Cocoa
0x0000000000000000 	/System/Library/Frameworks/Security.framework/Versions/A/Security
0x0000000000000000 	/System/Library/Frameworks/ApplicationServices.framework/Versions/A/ApplicationServices
0x0000000000000000 	/usr/lib/libz.1.dylib
0x0000000000000000 	/usr/lib/libSystem.B.dylib
0x0000000000000000 	/usr/lib/libobjc.A.dylib
0x0000000000000000 	/System/Library/Frameworks/CoreFoundation.framework/Versions/A/CoreFoundation
0x0000000000000000 	/System/Library/Frameworks/Foundation.framework/Versions/C/Foundation
0x0000000000000000 	/System/Library/Frameworks/AppKit.framework/Versions/C/AppKit
0x0000000000000000 	/System/Library/Frameworks/CoreData.framework/Versions/A/CoreData
0x0000000000000000 	/System/Library/Frameworks/AudioToolbox.framework/Versions/A/AudioToolbox
0x0000000000000000 	/System/Library/Frameworks/AudioUnit.framework/Versions/A/AudioUnit
0x0000000000000000 	/System/Library/PrivateFrameworks/DesktopServicesPriv.framework/Versions/A/DesktopServicesPriv
0x0000000000000000 	/System/Library/Frameworks/Carbon.framework/Versions/A/Frameworks/HIToolbox.framework/Versions/A/HIToolbox
0x0000000000000000 	/System/Library/Frameworks/IOKit.framework/Versions/A/IOKit
0x0000000000000000 	/System/Library/Frameworks/QuartzCore.framework/Versions/A/QuartzCore
0x0000000000000000 	/System/Library/Frameworks/Carbon.framework/Versions/A/Frameworks/SpeechRecognition.framework/Versions/A/SpeechRecognition
0x0000000000000000 	/usr/lib/libauto.dylib
0x0000000000000000 	/usr/lib/libicucore.A.dylib
0x0000000000000000 	/usr/lib/libxml2.2.dylib
0x0000000000000000 	/System/Library/PrivateFrameworks/CoreUI.framework/Versions/A/CoreUI
0x0000000000000000 	/System/Library/Frameworks/CoreAudio.framework/Versions/A/CoreAudio
0x0000000000000000 	/System/Library/Frameworks/DiskArbitration.framework/Versions/A/DiskArbitration
0x0000000000000000 	/usr/lib/liblangid.dylib
0x0000000000000000 	/System/Library/PrivateFrameworks/MultitouchSupport.framework/Versions/A/MultitouchSupport
0x0000000000000000 	/System/Library/Frameworks/CoreServices.framework/Versions/A/CoreServices
0x0000000000000000 	/System/Library/Frameworks/ApplicationServices.framework/Versions/A/Frameworks/CoreGraphics.framework/Versions/A/CoreGraphics
0x0000000000000000 	/System/Library/Frameworks/ApplicationServices.framework/Versions/A/Frameworks/ImageIO.framework/Versions/A/ImageIO
0x0000000000000000 	/System/Library/Frameworks/ApplicationServices.framework/Versions/A/Frameworks/CoreText.framework/Versions/A/CoreText
0x0000000000000000 	/System/Library/Frameworks/ApplicationServices.framework/Versions/A/Frameworks/ATS.framework/Versions/A/ATS
0x0000000000000000 	/System/Library/Frameworks/ApplicationServices.framework/Versions/A/Frameworks/ColorSync.framework/Versions/A/ColorSync
0x0000000000000000 	/System/Library/Frameworks/ApplicationServices.framework/Versions/A/Frameworks/HIServices.framework/Versions/A/HIServices
0x0000000000000000 	/System/Library/Frameworks/ApplicationServices.framework/Versions/A/Frameworks/LangAnalysis.framework/Versions/A/LangAnalysis
0x0000000000000000 	/System/Library/Frameworks/ApplicationServices.framework/Versions/A/Frameworks/PrintCore.framework/Versions/A/PrintCore
0x0000000000000000 	/System/Library/Frameworks/ApplicationServices.framework/Versions/A/Frameworks/QD.framework/Versions/A/QD
0x0000000000000000 	/System/Library/Frameworks/ApplicationServices.framework/Versions/A/Frameworks/SpeechSynthesis.framework/Versions/A/SpeechSynthesis
0x0000000000000000 	/usr/lib/libbsm.0.dylib
0x0000000000000000 	/usr/lib/system/libmathCommon.A.dylib
0x0000000000000000 	/usr/lib/libstdc++.6.dylib
0x0000000000000000 	/usr/lib/system/libkxld.dylib
0x0000000000000000 	/System/Library/Frameworks/CoreServices.framework/Versions/A/Frameworks/CarbonCore.framework/Versions/A/CarbonCore
0x0000000000000000 	/System/Library/Frameworks/CoreServices.framework/Versions/A/Frameworks/CFNetwork.framework/Versions/A/CFNetwork
0x0000000000000000 	/System/Library/Frameworks/CoreServices.framework/Versions/A/Frameworks/Metadata.framework/Versions/A/Metadata
0x0000000000000000 	/System/Library/Frameworks/CoreServices.framework/Versions/A/Frameworks/OSServices.framework/Versions/A/OSServices
0x0000000000000000 	/System/Library/Frameworks/CoreServices.framework/Versions/A/Frameworks/SearchKit.framework/Versions/A/SearchKit
0x0000000000000000 	/System/Library/Frameworks/CoreServices.framework/Versions/A/Frameworks/AE.framework/Versions/A/AE
0x0000000000000000 	/System/Library/Frameworks/CoreServices.framework/Versions/A/Frameworks/LaunchServices.framework/Versions/A/LaunchServices
0x0000000000000000 	/System/Library/Frameworks/CoreServices.framework/Versions/A/Frameworks/DictionaryServices.framework/Versions/A/DictionaryServices
0x0000000000000000 	/System/Library/Frameworks/NetFS.framework/Versions/A/NetFS
0x0000000000000000 	/usr/lib/libsqlite3.dylib
0x0000000000000000 	/System/Library/Frameworks/SystemConfiguration.framework/Versions/A/SystemConfiguration
0x0000000000000000 	/usr/lib/libxslt.1.dylib
0x0000000000000000 	/System/Library/Frameworks/Accelerate.framework/Versions/A/Accelerate
0x0000000000000000 	/System/Library/Frameworks/ApplicationServices.framework/Versions/A/Frameworks/ImageIO.framework/Versions/A/Resources/libTIFF.dylib
0x0000000000000000 	/System/Library/Frameworks/ApplicationServices.framework/Versions/A/Frameworks/ImageIO.framework/Versions/A/Resources/libGIF.dylib
0x0000000000000000 	/System/Library/Frameworks/ApplicationServices.framework/Versions/A/Frameworks/ImageIO.framework/Versions/A/Resources/libPng.dylib
0x0000000000000000 	/System/Library/Frameworks/ApplicationServices.framework/Versions/A/Frameworks/ImageIO.framework/Versions/A/Resources/libRadiance.dylib
0x0000000000000000 	/System/Library/Frameworks/ApplicationServices.framework/Versions/A/Frameworks/ImageIO.framework/Versions/A/Resources/libJPEG.dylib
0x0000000000000000 	/System/Library/Frameworks/Accelerate.framework/Versions/A/Frameworks/vImage.framework/Versions/A/vImage
0x0000000000000000 	/System/Library/Frameworks/Accelerate.framework/Versions/A/Frameworks/vecLib.framework/Versions/A/vecLib
0x0000000000000000 	/System/Library/Frameworks/Accelerate.framework/Versions/A/Frameworks/vecLib.framework/Versions/A/libvDSP.dylib
0x0000000000000000 	/System/Library/Frameworks/Accelerate.framework/Versions/A/Frameworks/vecLib.framework/Versions/A/libvMisc.dylib
0x0000000000000000 	/System/Library/Frameworks/Accelerate.framework/Versions/A/Frameworks/vecLib.framework/Versions/A/libBLAS.dylib
0x0000000000000000 	/System/Library/Frameworks/Accelerate.framework/Versions/A/Frameworks/vecLib.framework/Versions/A/libLAPACK.dylib
0x0000000000000000 	/usr/lib/libcrypto.0.9.8.dylib
0x0000000000000000 	/System/Library/PrivateFrameworks/TrustEvaluationAgent.framework/Versions/A/TrustEvaluationAgent
0x0000000000000000 	/System/Library/Frameworks/ApplicationServices.framework/Versions/A/Frameworks/ATS.framework/Versions/A/Resources/libFontParser.dylib
0x0000000000000000 	/usr/lib/libcups.2.dylib
0x0000000000000000 	/System/Library/Frameworks/Kerberos.framework/Versions/A/Kerberos
0x0000000000000000 	/usr/lib/libresolv.9.dylib
0x0000000000000000 	/System/Library/Frameworks/vecLib.framework/Versions/A/vecLib
0x0000000000000000 	/System/Library/PrivateFrameworks/FamilyControls.framework/Versions/A/FamilyControls
0x0000000000000000 	/System/Library/Frameworks/Carbon.framework/Versions/A/Frameworks/Ink.framework/Versions/A/Ink
0x0000000000000000 	/System/Library/Frameworks/CoreVideo.framework/Versions/A/CoreVideo
0x0000000000000000 	/System/Library/Frameworks/OpenGL.framework/Versions/A/OpenGL
0x0000000000000000 	/System/Library/Frameworks/OpenGL.framework/Versions/A/Libraries/libGLImage.dylib
0x0000000000000000 	/System/Library/Frameworks/OpenCL.framework/Versions/A/OpenCL
0x0000000000000000 	/System/Library/Frameworks/IOSurface.framework/Versions/A/IOSurface
0x0000000000000000 	/System/Library/Frameworks/OpenGL.framework/Versions/A/Libraries/libGLU.dylib
0x0000000000000000 	/System/Library/Frameworks/OpenGL.framework/Versions/A/Libraries/libGL.dylib
0x0000000000000000 	/System/Library/Frameworks/OpenGL.framework/Versions/A/Libraries/libGLProgrammability.dylib
0x0000000000000000 	/System/Library/Frameworks/OpenGL.framework/Versions/A/Libraries/libCoreVMClient.dylib
0x0000000000000000 	/System/Library/Frameworks/OpenGL.framework/Versions/A/Libraries/libGFXShared.dylib
0x0000000000000000 	/System/Library/Frameworks/SecurityFoundation.framework/Versions/A/SecurityFoundation
0x0000000000000000 	/System/Library/Frameworks/OpenDirectory.framework/Versions/A/OpenDirectory
0x0000000183bd5000 	/System/Library/PrivateFrameworks/CommerceKit.framework/Versions/A/Frameworks/CommerceCore.framework/Versions/A/CommerceCore
0x0000000000000000 	/System/Library/Frameworks/OpenDirectory.framework/Versions/A/Frameworks/CFOpenDirectory.framework/Versions/A/CFOpenDirectory
0x0000000000000000 	/System/Library/PrivateFrameworks/PasswordServer.framework/Versions/A/PasswordServer
0x0000000000000000 	/System/Library/Frameworks/DirectoryService.framework/Versions/A/DirectoryService
0x0000000000000000 	/usr/lib/libsasl2.2.dylib
0x0000000101800000 	/Library/Java/JavaVirtualMachines/jdk1.7.0_80.jdk/Contents/Home/jre/lib/server/libjvm.dylib
0x00000001000b5000 	/Library/Java/JavaVirtualMachines/jdk1.7.0_80.jdk/Contents/Home/jre/lib/libverify.dylib
0x00000001000c2000 	/Library/Java/JavaVirtualMachines/jdk1.7.0_80.jdk/Contents/Home/jre/lib/libjava.dylib
0x0000000100403000 	/Library/Java/JavaVirtualMachines/jdk1.7.0_80.jdk/Contents/Home/jre/lib/libzip.dylib
0x000000010b9fc000 	/System/Library/Frameworks/JavaVM.framework/Frameworks/JavaRuntimeSupport.framework/JavaRuntimeSupport
0x000000010ba18000 	/System/Library/Frameworks/JavaVM.framework/Versions/A/Frameworks/JavaNativeFoundation.framework/Versions/A/JavaNativeFoundation
0x000000010ba2e000 	/System/Library/Frameworks/JavaVM.framework/Versions/A/JavaVM
0x0000000000000000 	/System/Library/Frameworks/Carbon.framework/Versions/A/Carbon
0x0000000000000000 	/System/Library/PrivateFrameworks/CoreSymbolication.framework/Versions/A/CoreSymbolication
0x000000010ba3b000 	/System/Library/PrivateFrameworks/JavaLaunching.framework/Versions/A/JavaLaunching
0x0000000000000000 	/System/Library/Frameworks/Carbon.framework/Versions/A/Frameworks/CommonPanels.framework/Versions/A/CommonPanels
0x0000000000000000 	/System/Library/Frameworks/Carbon.framework/Versions/A/Frameworks/Help.framework/Versions/A/Help
0x0000000000000000 	/System/Library/Frameworks/Carbon.framework/Versions/A/Frameworks/ImageCapture.framework/Versions/A/ImageCapture
0x0000000000000000 	/System/Library/Frameworks/Carbon.framework/Versions/A/Frameworks/OpenScripting.framework/Versions/A/OpenScripting
0x0000000000000000 	/System/Library/Frameworks/Carbon.framework/Versions/A/Frameworks/Print.framework/Versions/A/Print
0x0000000000000000 	/System/Library/Frameworks/Carbon.framework/Versions/A/Frameworks/SecurityHI.framework/Versions/A/SecurityHI
0x0000000000000000 	/System/Library/PrivateFrameworks/DebugSymbols.framework/Versions/A/DebugSymbols
0x000000010bce0000 	/Library/Java/JavaVirtualMachines/jdk1.7.0_80.jdk/Contents/Home/jre/lib/libnio.dylib
0x000000010c416000 	/Library/Java/JavaVirtualMachines/jdk1.7.0_80.jdk/Contents/Home/jre/lib/./libnet.dylib
0x000000010bc44000 	/Library/Java/JavaVirtualMachines/jdk1.7.0_80.jdk/Contents/Home/jre/lib/libsunec.dylib

VM Arguments:
jvm_args: -Xbootclasspath/a:/Users/Phonatacid/.lein/self-installs/leiningen-2.5.3-standalone.jar -Dfile.encoding=UTF-8 -Dmaven.wagon.http.ssl.easy=false -Dmaven.wagon.rto=10000 -XX:+TieredCompilation -XX:TieredStopAtLevel=1 -Dleiningen.original.pwd=/Users/Phonatacid/Documents/Code/Clojure/shuriken -Dleiningen.script=/usr/bin/lein 
java_command: clojure.main -m leiningen.core.main repl
Launcher Type: SUN_STANDARD

Environment Variables:
CLASSPATH=/Users/Phonatacid/.lein/self-installs/leiningen-2.5.3-standalone.jar
PATH=/opt/local/bin:/opt/local/sbin:/usr/local/bin:/usr/bin:/bin:/usr/sbin:/sbin:/usr/local/bin:/usr/local/MacGPG2/bin:/Applications/Wireshark.app/Contents/MacOS:/usr/X11/bin:/Users/Phonatacid/.rvm/bin
SHELL=/bin/bash
DISPLAY=/tmp/launch-cZyiGS/org.x:0

Signal Handlers:
SIGSEGV: [libjvm.dylib+0x52e8c9], sa_mask[0]=0xfffefeff, sa_flags=0x00000043
SIGBUS: [libjvm.dylib+0x52e8c9], sa_mask[0]=0xfffefeff, sa_flags=0x00000042
SIGFPE: [libjvm.dylib+0x42022e], sa_mask[0]=0xfffefeff, sa_flags=0x00000042
SIGPIPE: [libjvm.dylib+0x42022e], sa_mask[0]=0xfffefeff, sa_flags=0x00000042
SIGXFSZ: [libjvm.dylib+0x42022e], sa_mask[0]=0xfffefeff, sa_flags=0x00000042
SIGILL: [libjvm.dylib+0x42022e], sa_mask[0]=0xfffefeff, sa_flags=0x00000042
SIGUSR1: SIG_DFL, sa_mask[0]=0x63807efb, sa_flags=0x00000000
SIGUSR2: [libjvm.dylib+0x41fd20], sa_mask[0]=0x00000000, sa_flags=0x00000042
SIGHUP: [libjvm.dylib+0x41dfd5], sa_mask[0]=0xfffefeff, sa_flags=0x00000042
SIGINT: [libjvm.dylib+0x41dfd5], sa_mask[0]=0xfffefeff, sa_flags=0x00000042
SIGTERM: [libjvm.dylib+0x41dfd5], sa_mask[0]=0xfffefeff, sa_flags=0x00000042
SIGQUIT: [libjvm.dylib+0x41dfd5], sa_mask[0]=0xfffefeff, sa_flags=0x00000042


---------------  S Y S T E M  ---------------

OS:Bsduname:Darwin 10.8.0 Darwin Kernel Version 10.8.0: Tue Jun  7 16:33:36 PDT 2011; root:xnu-1504.15.3~1/RELEASE_I386 i386
rlimit: STACK 8192k, CORE 0k, NPROC 266, NOFILE 10240, AS infinity
load average:1,89 1,01 0,80

CPU:total 2 (2 cores per cpu, 1 threads per core) family 6 model 15 stepping 10, cmov, cx8, fxsr, mmx, sse, sse2, sse3, ssse3, tsc

Memory: 4k page, physical 4194304k(1048576k free)

/proc/meminfo:


vm_info: Java HotSpot(TM) 64-Bit Server VM (24.80-b11) for bsd-amd64 JRE (1.7.0_80-b15), built on Apr 10 2015 11:25:43 by "java_re" with gcc 4.2.1 (Based on Apple Inc. build 5658) (LLVM build 2336.11.00)

time: Sat Jan 13 15:00:04 2018
elapsed time: 33 seconds

