#
# A fatal error has been detected by the Java Runtime Environment:
#
#  SIGSEGV (0xb) at pc=0x00000001019f23e5, pid=51529, tid=12035
#
# JRE version: Java(TM) SE Runtime Environment (7.0_80-b15) (build 1.7.0_80-b15)
# Java VM: Java HotSpot(TM) 64-Bit Server VM (24.80-b11 mixed mode bsd-amd64 compressed oops)
# Problematic frame:
# V  [libjvm.dylib+0x1f23e5]
#
# Failed to write core dump. Core dumps have been disabled. To enable core dumping, try "ulimit -c unlimited" before starting Java again
#
# If you would like to submit a bug report, please visit:
#   http://bugreport.java.com/bugreport/crash.jsp
#

---------------  T H R E A D  ---------------

Current thread (0x0000000101013000):  GCTaskThread [stack: 0x00000001083bc000,0x00000001084bc000] [id=12035]

siginfo:si_signo=SIGSEGV: si_errno=0, si_code=1 (SEGV_MAPERR), si_addr=0x00000003bae0ae58

Registers:
RAX=0x0000000101f7e940, RBX=0x000000000000000d, RCX=0x0000000000000003, RDX=0x0000000000000001
RSP=0x00000001084bbbf0, RBP=0x00000001084bbbf0, RSI=0x00000007f3727e18, RDI=0x00000003bae0ae40
R8 =0x000000000000000c, R9 =0x0000000000000001, R10=0x0000000003e03701, R11=0x00000007f2fa3ca8
R12=0x0000000102019698, R13=0x00000007f2fa3cd1, R14=0x0000000100211040, R15=0x00000001002110e0
RIP=0x00000001019f23e5, EFLAGS=0x0000000000010202, ERR=0x0000000000000004
  TRAPNO=0x000000000000000e

Top of Stack: (sp=0x00000001084bbbf0)
0x00000001084bbbf0:   00000001084bbc60 0000000101c5dfd5
0x00000001084bbc00:   00000007bae16480 00000007f3727e18
0x00000001084bbc10:   00000007f2fa0000 0000000000001000
0x00000001084bbc20:   00000007c07ef318 0000000000000400
0x00000001084bbc30:   0000000000000011 00000007f2fa3cd1
0x00000001084bbc40:   0000000102019698 00000007f2fa3cd1
0x00000001084bbc50:   00000007f2fa3cd0 00000001002110e0
0x00000001084bbc60:   00000001084bbc80 0000000101c5e401
0x00000001084bbc70:   0000000100211040 00000001002110a8
0x00000001084bbc80:   00000001084bbce0 0000000101c5d45d
0x00000001084bbc90:   00000007c007d7bd 00000007bae0b0b8
0x00000001084bbca0:   00000007f2fa3cd1 0000000101c0b295
0x00000001084bbcb0:   0000000100211040 00000007c007d948
0x00000001084bbcc0:   00000001005b53ec 00000007c007d800
0x00000001084bbcd0:   00000001005b5401 0000000000000240
0x00000001084bbce0:   00000001084bbda0 000000010196cfe2
0x00000001084bbcf0:   000000010020db00 0000000000000100
0x00000001084bbd00:   fffffffeffa47840 0000000000000080
0x00000001084bbd10:   00000001005b87be 00000000fc7b5080
0x00000001084bbd20:   00000001005b87bf 0000000003e00300
0x00000001084bbd30:   fffffffeffa4abff 0000000003e037bf
0x00000001084bbd40:   00000001005b5400 00000001005b5381
0x00000001084bbd50:   00000007c06f7dc8 00000007c0080020
0x00000001084bbd60:   0000000100209550 0000000100211040
0x00000001084bbd70:   00000001002092c0 00000001001135c0
0x00000001084bbd80:   0000000000000000 0000000101d808d0
0x00000001084bbd90:   0000000100211040 0000000000000001
0x00000001084bbda0:   00000001084bbdd0 0000000101c609fb
0x00000001084bbdb0:   0000000000000002 000000010020cae0
0x00000001084bbdc0:   0000000101013000 00000001001135c0
0x00000001084bbdd0:   00000001084bbeb0 0000000101a6e32f
0x00000001084bbde0:   00000001084bbe10 000000010020cd50 

Instructions: (pc=0x00000001019f23e5)
0x00000001019f23c5:   84 d2 48 89 fe 74 15 48 8d 05 6d c5 58 00 8a 48
0x00000001019f23d5:   08 8b 7e 08 48 d3 e7 48 03 38 eb 04 48 8b 7e 08
0x00000001019f23e5:   8b 47 18 48 83 c7 10 85 c0 7e 09 a8 01 75 4e c1
0x00000001019f23f5:   f8 03 eb 47 85 c0 7f 43 85 c0 79 41 84 d2 0f 94 

Register to memory mapping:

RAX=0x0000000101f7e940: _ZN8Universe11_narrow_oopE+0 in /Library/Java/JavaVirtualMachines/jdk1.7.0_80.jdk/Contents/Home/jre/lib/server/libjvm.dylib at 0x0000000101800000
RBX=0x000000000000000d is an unknown value
RCX=0x0000000000000003 is an unknown value
RDX=0x0000000000000001 is an unknown value
RSP=0x00000001084bbbf0 is an unknown value
RBP=0x00000001084bbbf0 is an unknown value
RSI=0x00000007f3727e18 is an unknown value
RDI=0x00000003bae0ae40 is an unknown value
R8 =0x000000000000000c is an unknown value
R9 =0x0000000000000001 is an unknown value
R10=0x0000000003e03701 is an unknown value
R11=0x00000007f2fa3ca8 is an oop
[Ljava.lang.Object; 
 - klass: 'java/lang/Object'[]
 - length: 20
R12=0x0000000102019698: _ZN2os16_processor_countE+0 in /Library/Java/JavaVirtualMachines/jdk1.7.0_80.jdk/Contents/Home/jre/lib/server/libjvm.dylib at 0x0000000101800000
R13=0x00000007f2fa3cd1 is an unknown value
R14=0x0000000100211040 is an unknown value
R15=0x00000001002110e0 is an unknown value


Stack: [0x00000001083bc000,0x00000001084bc000],  sp=0x00000001084bbbf0,  free space=1022k
Native frames: (J=compiled Java code, j=interpreted, Vv=VM code, C=native code)
V  [libjvm.dylib+0x1f23e5]
V  [libjvm.dylib+0x45dfd5]
V  [libjvm.dylib+0x45e401]
V  [libjvm.dylib+0x45d45d]
V  [libjvm.dylib+0x16cfe2]
V  [libjvm.dylib+0x4609fb]
V  [libjvm.dylib+0x26e32f]
V  [libjvm.dylib+0x422b92]
C  [libSystem.B.dylib+0x39fd6]  _pthread_start+0x14b
C  [libSystem.B.dylib+0x39e89]  thread_start+0xd


---------------  P R O C E S S  ---------------

Java Threads: ( => current thread )
  0x00000001009cd800 JavaThread "clojure-agent-send-off-pool-1" [_thread_blocked, id=24579, stack(0x000000010c9d5000,0x000000010cad5000)]
  0x00000001015b7800 JavaThread "clojure-agent-send-off-pool-0" [_thread_blocked, id=16135, stack(0x000000010c8d2000,0x000000010c9d2000)]
  0x0000000101059000 JavaThread "Service Thread" daemon [_thread_blocked, id=19203, stack(0x000000010bf8d000,0x000000010c08d000)]
  0x0000000101058000 JavaThread "C1 CompilerThread1" daemon [_thread_blocked, id=18691, stack(0x000000010be8a000,0x000000010bf8a000)]
  0x0000000101039800 JavaThread "C2 CompilerThread0" daemon [_thread_blocked, id=18179, stack(0x000000010bd87000,0x000000010be87000)]
  0x000000010089b800 JavaThread "Signal Dispatcher" daemon [_thread_blocked, id=17667, stack(0x000000010bc84000,0x000000010bd84000)]
  0x0000000101023000 JavaThread "Finalizer" daemon [_thread_blocked, id=14083, stack(0x000000010b8fa000,0x000000010b9fa000)]
  0x0000000101022800 JavaThread "Reference Handler" daemon [_thread_blocked, id=13571, stack(0x000000010b7f7000,0x000000010b8f7000)]
  0x0000000101007000 JavaThread "main" [_thread_blocked, id=1547, stack(0x0000000100301000,0x0000000100401000)]

Other Threads:
  0x000000010101f800 VMThread [stack: 0x000000010b6f4000,0x000000010b7f4000] [id=13059]
  0x000000010103b000 WatcherThread [stack: 0x000000010c090000,0x000000010c190000] [id=23811]

=>0x0000000101013000 (exited) GCTaskThread [stack: 0x00000001083bc000,0x00000001084bc000] [id=12035]

VM state:at safepoint (normal execution)

VM Mutex/Monitor currently owned by a thread:  ([mutex/lock_event])
[0x0000000100202a50] Threads_lock - owner thread: 0x000000010101f800
[0x0000000100202f50] Heap_lock - owner thread: 0x00000001015b7800

Heap
 PSYoungGen      total 140800K, used 139645K [0x00000007eaa80000, 0x00000007f3b80000, 0x0000000800000000)
  eden space 134656K, 100% used [0x00000007eaa80000,0x00000007f2e00000,0x00000007f2e00000)
  from space 6144K, 81% used [0x00000007f3480000,0x00000007f395f4a8,0x00000007f3a80000)
  to   space 6656K, 51% used [0x00000007f2e00000,0x00000007f3160000,0x00000007f3480000)
 ParOldGen       total 43520K, used 8140K [0x00000007c0000000, 0x00000007c2a80000, 0x00000007eaa80000)
  object space 43520K, 18% used [0x00000007c0000000,0x00000007c07f3318,0x00000007c2a80000)
 PSPermGen       total 21504K, used 17504K [0x00000007bae00000, 0x00000007bc300000, 0x00000007c0000000)
  object space 21504K, 81% used [0x00000007bae00000,0x00000007bbf18190,0x00000007bc300000)

Card table byte_map: [0x000000010058c000,0x00000001007b6000] byte_map_base: 0x00000000fc7b5000

Polling page: 0x00000001000f2000

Code Cache  [0x0000000102265000, 0x00000001026f5000, 0x0000000108265000)
 total_blobs=2109 nmethods=1820 adapters=224 free_code_cache=93633Kb largest_free_block=95880256

Compilation events (10 events):
Event: 10,612 Thread 0x0000000101058000 nmethod 1830 0x00000001026f3250 code [0x00000001026f33c0, 0x00000001026f3748]
Event: 10,626 Thread 0x0000000101058000 1831       1       java.util.jar.Attributes::getValue (9 bytes)
Event: 10,627 Thread 0x0000000101058000 nmethod 1831 0x00000001026f3950 code [0x00000001026f3ac0, 0x00000001026f3c68]
Event: 10,627 Thread 0x0000000101058000 1832       1       java.util.jar.Attributes::get (11 bytes)
Event: 10,627 Thread 0x0000000101058000 nmethod 1832 0x00000001026f3d10 code [0x00000001026f3e80, 0x00000001026f3fe8]
Event: 10,710 Thread 0x0000000101058000 1833       1       java.security.SecureClassLoader::<init> (36 bytes)
Event: 10,711 Thread 0x0000000101058000 nmethod 1833 0x00000001026f4050 code [0x00000001026f4200, 0x00000001026f44f8]
Event: 10,754 Thread 0x0000000101058000 1834   !   1       java.util.Collections$SynchronizedCollection::add (25 bytes)
Event: 10,755 Thread 0x0000000101058000 nmethod 1834 0x00000001026f4650 code [0x00000001026f47c0, 0x00000001026f4ae8]
Event: 10,762 Thread 0x0000000101058000 1835   !   1       java.text.DecimalFormatSymbols::initialize (389 bytes)

GC Heap History (10 events):
Event: 2,321 GC heap after
Heap after GC invocations=2 (full 0):
 PSYoungGen      total 36352K, used 2534K [0x00000007eaa80000, 0x00000007ed080000, 0x0000000800000000)
  eden space 33792K, 0% used [0x00000007eaa80000,0x00000007eaa80000,0x00000007ecb80000)
  from space 2560K, 99% used [0x00000007ece00000,0x00000007ed079b20,0x00000007ed080000)
  to   space 2560K, 0% used [0x00000007ecb80000,0x00000007ecb80000,0x00000007ece00000)
 ParOldGen       total 43520K, used 444K [0x00000007c0000000, 0x00000007c2a80000, 0x00000007eaa80000)
  object space 43520K, 1% used [0x00000007c0000000,0x00000007c006f138,0x00000007c2a80000)
 PSPermGen       total 21504K, used 7573K [0x00000007bae00000, 0x00000007bc300000, 0x00000007c0000000)
  object space 21504K, 35% used [0x00000007bae00000,0x00000007bb5654d8,0x00000007bc300000)
}
Event: 3,572 GC heap before
{Heap before GC invocations=3 (full 0):
 PSYoungGen      total 36352K, used 36326K [0x00000007eaa80000, 0x00000007ed080000, 0x0000000800000000)
  eden space 33792K, 100% used [0x00000007eaa80000,0x00000007ecb80000,0x00000007ecb80000)
  from space 2560K, 99% used [0x00000007ece00000,0x00000007ed079b20,0x00000007ed080000)
  to   space 2560K, 0% used [0x00000007ecb80000,0x00000007ecb80000,0x00000007ece00000)
 ParOldGen       total 43520K, used 444K [0x00000007c0000000, 0x00000007c2a80000, 0x00000007eaa80000)
  object space 43520K, 1% used [0x00000007c0000000,0x00000007c006f138,0x00000007c2a80000)
 PSPermGen       total 21504K, used 10122K [0x00000007bae00000, 0x00000007bc300000, 0x00000007c0000000)
  object space 21504K, 47% used [0x00000007bae00000,0x00000007bb7e2890,0x00000007bc300000)
Event: 3,615 GC heap after
Heap after GC invocations=3 (full 0):
 PSYoungGen      total 36352K, used 2528K [0x00000007eaa80000, 0x00000007ef180000, 0x0000000800000000)
  eden space 33792K, 0% used [0x00000007eaa80000,0x00000007eaa80000,0x00000007ecb80000)
  from space 2560K, 98% used [0x00000007ecb80000,0x00000007ecdf8020,0x00000007ece00000)
  to   space 2560K, 0% used [0x00000007eef00000,0x00000007eef00000,0x00000007ef180000)
 ParOldGen       total 43520K, used 2688K [0x00000007c0000000, 0x00000007c2a80000, 0x00000007eaa80000)
  object space 43520K, 6% used [0x00000007c0000000,0x00000007c02a0078,0x00000007c2a80000)
 PSPermGen       total 21504K, used 10122K [0x00000007bae00000, 0x00000007bc300000, 0x00000007c0000000)
  object space 21504K, 47% used [0x00000007bae00000,0x00000007bb7e2890,0x00000007bc300000)
}
Event: 5,436 GC heap before
{Heap before GC invocations=4 (full 0):
 PSYoungGen      total 36352K, used 36320K [0x00000007eaa80000, 0x00000007ef180000, 0x0000000800000000)
  eden space 33792K, 100% used [0x00000007eaa80000,0x00000007ecb80000,0x00000007ecb80000)
  from space 2560K, 98% used [0x00000007ecb80000,0x00000007ecdf8020,0x00000007ece00000)
  to   space 2560K, 0% used [0x00000007eef00000,0x00000007eef00000,0x00000007ef180000)
 ParOldGen       total 43520K, used 2688K [0x00000007c0000000, 0x00000007c2a80000, 0x00000007eaa80000)
  object space 43520K, 6% used [0x00000007c0000000,0x00000007c02a0078,0x00000007c2a80000)
 PSPermGen       total 21504K, used 12803K [0x00000007bae00000, 0x00000007bc300000, 0x00000007c0000000)
  object space 21504K, 59% used [0x00000007bae00000,0x00000007bba80ed0,0x00000007bc300000)
Event: 5,505 GC heap after
Heap after GC invocations=4 (full 0):
 PSYoungGen      total 70144K, used 2528K [0x00000007eaa80000, 0x00000007ef180000, 0x0000000800000000)
  eden space 67584K, 0% used [0x00000007eaa80000,0x00000007eaa80000,0x00000007eec80000)
  from space 2560K, 98% used [0x00000007eef00000,0x00000007ef178020,0x00000007ef180000)
  to   space 2560K, 0% used [0x00000007eec80000,0x00000007eec80000,0x00000007eef00000)
 ParOldGen       total 43520K, used 5276K [0x00000007c0000000, 0x00000007c2a80000, 0x00000007eaa80000)
  object space 43520K, 12% used [0x00000007c0000000,0x00000007c0527138,0x00000007c2a80000)
 PSPermGen       total 21504K, used 12803K [0x00000007bae00000, 0x00000007bc300000, 0x00000007c0000000)
  object space 21504K, 59% used [0x00000007bae00000,0x00000007bba80ed0,0x00000007bc300000)
}
Event: 7,984 GC heap before
{Heap before GC invocations=5 (full 0):
 PSYoungGen      total 70144K, used 70112K [0x00000007eaa80000, 0x00000007ef180000, 0x0000000800000000)
  eden space 67584K, 100% used [0x00000007eaa80000,0x00000007eec80000,0x00000007eec80000)
  from space 2560K, 98% used [0x00000007eef00000,0x00000007ef178020,0x00000007ef180000)
  to   space 2560K, 0% used [0x00000007eec80000,0x00000007eec80000,0x00000007eef00000)
 ParOldGen       total 43520K, used 5276K [0x00000007c0000000, 0x00000007c2a80000, 0x00000007eaa80000)
  object space 43520K, 12% used [0x00000007c0000000,0x00000007c0527138,0x00000007c2a80000)
 PSPermGen       total 21504K, used 14739K [0x00000007bae00000, 0x00000007bc300000, 0x00000007c0000000)
  object space 21504K, 68% used [0x00000007bae00000,0x00000007bbc64e68,0x00000007bc300000)
Event: 8,041 GC heap after
Heap after GC invocations=5 (full 0):
 PSYoungGen      total 70144K, used 2544K [0x00000007eaa80000, 0x00000007f3a80000, 0x0000000800000000)
  eden space 67584K, 0% used [0x00000007eaa80000,0x00000007eaa80000,0x00000007eec80000)
  from space 2560K, 99% used [0x00000007eec80000,0x00000007eeefc030,0x00000007eef00000)
  to   space 6144K, 0% used [0x00000007f3480000,0x00000007f3480000,0x00000007f3a80000)
 ParOldGen       total 43520K, used 7127K [0x00000007c0000000, 0x00000007c2a80000, 0x00000007eaa80000)
  object space 43520K, 16% used [0x00000007c0000000,0x00000007c06f5dc8,0x00000007c2a80000)
 PSPermGen       total 21504K, used 14739K [0x00000007bae00000, 0x00000007bc300000, 0x00000007c0000000)
  object space 21504K, 68% used [0x00000007bae00000,0x00000007bbc64e68,0x00000007bc300000)
}
Event: 9,694 GC heap before
{Heap before GC invocations=6 (full 0):
 PSYoungGen      total 70144K, used 70128K [0x00000007eaa80000, 0x00000007f3a80000, 0x0000000800000000)
  eden space 67584K, 100% used [0x00000007eaa80000,0x00000007eec80000,0x00000007eec80000)
  from space 2560K, 99% used [0x00000007eec80000,0x00000007eeefc030,0x00000007eef00000)
  to   space 6144K, 0% used [0x00000007f3480000,0x00000007f3480000,0x00000007f3a80000)
 ParOldGen       total 43520K, used 7127K [0x00000007c0000000, 0x00000007c2a80000, 0x00000007eaa80000)
  object space 43520K, 16% used [0x00000007c0000000,0x00000007c06f5dc8,0x00000007c2a80000)
 PSPermGen       total 21504K, used 16789K [0x00000007bae00000, 0x00000007bc300000, 0x00000007c0000000)
  object space 21504K, 78% used [0x00000007bae00000,0x00000007bbe65498,0x00000007bc300000)
Event: 9,756 GC heap after
Heap after GC invocations=6 (full 0):
 PSYoungGen      total 140800K, used 4989K [0x00000007eaa80000, 0x00000007f3b80000, 0x0000000800000000)
  eden space 134656K, 0% used [0x00000007eaa80000,0x00000007eaa80000,0x00000007f2e00000)
  from space 6144K, 81% used [0x00000007f3480000,0x00000007f395f4a8,0x00000007f3a80000)
  to   space 6656K, 0% used [0x00000007f2e00000,0x00000007f2e00000,0x00000007f3480000)
 ParOldGen       total 43520K, used 7135K [0x00000007c0000000, 0x00000007c2a80000, 0x00000007eaa80000)
  object space 43520K, 16% used [0x00000007c0000000,0x00000007c06f7dc8,0x00000007c2a80000)
 PSPermGen       total 21504K, used 16789K [0x00000007bae00000, 0x00000007bc300000, 0x00000007c0000000)
  object space 21504K, 78% used [0x00000007bae00000,0x00000007bbe65498,0x00000007bc300000)
}
Event: 10,766 GC heap before
{Heap before GC invocations=7 (full 0):
 PSYoungGen      total 140800K, used 139645K [0x00000007eaa80000, 0x00000007f3b80000, 0x0000000800000000)
  eden space 134656K, 100% used [0x00000007eaa80000,0x00000007f2e00000,0x00000007f2e00000)
  from space 6144K, 81% used [0x00000007f3480000,0x00000007f395f4a8,0x00000007f3a80000)
  to   space 6656K, 0% used [0x00000007f2e00000,0x00000007f2e00000,0x00000007f3480000)
 ParOldGen       total 43520K, used 7135K [0x00000007c0000000, 0x00000007c2a80000, 0x00000007eaa80000)
  object space 43520K, 16% used [0x00000007c0000000,0x00000007c06f7dc8,0x00000007c2a80000)
 PSPermGen       total 21504K, used 17504K [0x00000007bae00000, 0x00000007bc300000, 0x00000007c0000000)
  object space 21504K, 81% used [0x00000007bae00000,0x00000007bbf18190,0x00000007bc300000)

Deoptimization events (0 events):
No events

Internal exceptions (10 events):
Event: 10,687 Thread 0x0000000101007000 Threw 0x00000007f23198a8 at /Users/java_re/workspace/7u-2-build-macosx-x86_64/jdk7u80/2329/hotspot/src/share/vm/prims/jvm.cpp:1319
Event: 10,688 Thread 0x0000000101007000 Threw 0x00000007f2322378 at /Users/java_re/workspace/7u-2-build-macosx-x86_64/jdk7u80/2329/hotspot/src/share/vm/prims/jvm.cpp:1319
Event: 10,689 Thread 0x0000000101007000 Threw 0x00000007f232b128 at /Users/java_re/workspace/7u-2-build-macosx-x86_64/jdk7u80/2329/hotspot/src/share/vm/prims/jvm.cpp:1319
Event: 10,690 Thread 0x0000000101007000 Threw 0x00000007f2333d38 at /Users/java_re/workspace/7u-2-build-macosx-x86_64/jdk7u80/2329/hotspot/src/share/vm/prims/jvm.cpp:1319
Event: 10,692 Thread 0x0000000101007000 Threw 0x00000007f233d868 at /Users/java_re/workspace/7u-2-build-macosx-x86_64/jdk7u80/2329/hotspot/src/share/vm/prims/jvm.cpp:1319
Event: 10,726 Thread 0x0000000101007000 Threw 0x00000007f2405988 at /Users/java_re/workspace/7u-2-build-macosx-x86_64/jdk7u80/2329/hotspot/src/share/vm/prims/jvm.cpp:1319
Event: 10,732 Thread 0x0000000101007000 Threw 0x00000007f2424638 at /Users/java_re/workspace/7u-2-build-macosx-x86_64/jdk7u80/2329/hotspot/src/share/vm/prims/jvm.cpp:1319
Event: 10,740 Thread 0x0000000101007000 Threw 0x00000007f242da18 at /Users/java_re/workspace/7u-2-build-macosx-x86_64/jdk7u80/2329/hotspot/src/share/vm/prims/jvm.cpp:1319
Event: 10,751 Thread 0x0000000101007000 Threw 0x00000007f245ec00 at /Users/java_re/workspace/7u-2-build-macosx-x86_64/jdk7u80/2329/hotspot/src/share/vm/prims/jvm.cpp:1319
Event: 10,753 Thread 0x0000000101007000 Threw 0x00000007f246a250 at /Users/java_re/workspace/7u-2-build-macosx-x86_64/jdk7u80/2329/hotspot/src/share/vm/prims/jvm.cpp:1319

Events (10 events):
Event: 10,726 loading class 0x00000001002a82e0 done
Event: 10,732 loading class 0x00000001002a8320
Event: 10,732 loading class 0x00000001002a8320 done
Event: 10,740 loading class 0x00000001002a8c10
Event: 10,740 loading class 0x00000001002a8c10 done
Event: 10,751 loading class 0x00000001002a85c0
Event: 10,751 loading class 0x00000001002a85c0 done
Event: 10,752 loading class 0x00000001002a8570
Event: 10,752 loading class 0x00000001002a8570 done
Event: 10,766 Executing VM operation: ParallelGCFailedAllocation


Dynamic libraries:
0x0000000000000000 	/System/Library/Frameworks/Cocoa.framework/Versions/A/Cocoa
0x0000000000000000 	/System/Library/Frameworks/Security.framework/Versions/A/Security
0x0000000000000000 	/System/Library/Frameworks/ApplicationServices.framework/Versions/A/ApplicationServices
0x0000000000000000 	/usr/lib/libz.1.dylib
0x0000000000000000 	/usr/lib/libSystem.B.dylib
0x0000000000000000 	/usr/lib/libobjc.A.dylib
0x0000000000000000 	/System/Library/Frameworks/CoreFoundation.framework/Versions/A/CoreFoundation
0x0000000000000000 	/System/Library/Frameworks/Foundation.framework/Versions/C/Foundation
0x0000000000000000 	/System/Library/Frameworks/AppKit.framework/Versions/C/AppKit
0x0000000000000000 	/System/Library/Frameworks/CoreData.framework/Versions/A/CoreData
0x0000000000000000 	/System/Library/Frameworks/AudioToolbox.framework/Versions/A/AudioToolbox
0x0000000000000000 	/System/Library/Frameworks/AudioUnit.framework/Versions/A/AudioUnit
0x0000000000000000 	/System/Library/PrivateFrameworks/DesktopServicesPriv.framework/Versions/A/DesktopServicesPriv
0x0000000000000000 	/System/Library/Frameworks/Carbon.framework/Versions/A/Frameworks/HIToolbox.framework/Versions/A/HIToolbox
0x0000000000000000 	/System/Library/Frameworks/IOKit.framework/Versions/A/IOKit
0x0000000000000000 	/System/Library/Frameworks/QuartzCore.framework/Versions/A/QuartzCore
0x0000000000000000 	/System/Library/Frameworks/Carbon.framework/Versions/A/Frameworks/SpeechRecognition.framework/Versions/A/SpeechRecognition
0x0000000000000000 	/usr/lib/libauto.dylib
0x0000000000000000 	/usr/lib/libicucore.A.dylib
0x0000000000000000 	/usr/lib/libxml2.2.dylib
0x0000000000000000 	/System/Library/PrivateFrameworks/CoreUI.framework/Versions/A/CoreUI
0x0000000000000000 	/System/Library/Frameworks/CoreAudio.framework/Versions/A/CoreAudio
0x0000000000000000 	/System/Library/Frameworks/DiskArbitration.framework/Versions/A/DiskArbitration
0x0000000000000000 	/usr/lib/liblangid.dylib
0x0000000000000000 	/System/Library/PrivateFrameworks/MultitouchSupport.framework/Versions/A/MultitouchSupport
0x0000000000000000 	/System/Library/Frameworks/CoreServices.framework/Versions/A/CoreServices
0x0000000000000000 	/System/Library/Frameworks/ApplicationServices.framework/Versions/A/Frameworks/CoreGraphics.framework/Versions/A/CoreGraphics
0x0000000000000000 	/System/Library/Frameworks/ApplicationServices.framework/Versions/A/Frameworks/ImageIO.framework/Versions/A/ImageIO
0x0000000000000000 	/System/Library/Frameworks/ApplicationServices.framework/Versions/A/Frameworks/CoreText.framework/Versions/A/CoreText
0x0000000000000000 	/System/Library/Frameworks/ApplicationServices.framework/Versions/A/Frameworks/ATS.framework/Versions/A/ATS
0x0000000000000000 	/System/Library/Frameworks/ApplicationServices.framework/Versions/A/Frameworks/ColorSync.framework/Versions/A/ColorSync
0x0000000000000000 	/System/Library/Frameworks/ApplicationServices.framework/Versions/A/Frameworks/HIServices.framework/Versions/A/HIServices
0x0000000000000000 	/System/Library/Frameworks/ApplicationServices.framework/Versions/A/Frameworks/LangAnalysis.framework/Versions/A/LangAnalysis
0x0000000000000000 	/System/Library/Frameworks/ApplicationServices.framework/Versions/A/Frameworks/PrintCore.framework/Versions/A/PrintCore
0x0000000000000000 	/System/Library/Frameworks/ApplicationServices.framework/Versions/A/Frameworks/QD.framework/Versions/A/QD
0x0000000000000000 	/System/Library/Frameworks/ApplicationServices.framework/Versions/A/Frameworks/SpeechSynthesis.framework/Versions/A/SpeechSynthesis
0x0000000000000000 	/usr/lib/libbsm.0.dylib
0x0000000000000000 	/usr/lib/system/libmathCommon.A.dylib
0x0000000000000000 	/usr/lib/libstdc++.6.dylib
0x0000000000000000 	/usr/lib/system/libkxld.dylib
0x0000000000000000 	/System/Library/Frameworks/CoreServices.framework/Versions/A/Frameworks/CarbonCore.framework/Versions/A/CarbonCore
0x0000000000000000 	/System/Library/Frameworks/CoreServices.framework/Versions/A/Frameworks/CFNetwork.framework/Versions/A/CFNetwork
0x0000000000000000 	/System/Library/Frameworks/CoreServices.framework/Versions/A/Frameworks/Metadata.framework/Versions/A/Metadata
0x0000000000000000 	/System/Library/Frameworks/CoreServices.framework/Versions/A/Frameworks/OSServices.framework/Versions/A/OSServices
0x0000000000000000 	/System/Library/Frameworks/CoreServices.framework/Versions/A/Frameworks/SearchKit.framework/Versions/A/SearchKit
0x0000000000000000 	/System/Library/Frameworks/CoreServices.framework/Versions/A/Frameworks/AE.framework/Versions/A/AE
0x0000000000000000 	/System/Library/Frameworks/CoreServices.framework/Versions/A/Frameworks/LaunchServices.framework/Versions/A/LaunchServices
0x0000000000000000 	/System/Library/Frameworks/CoreServices.framework/Versions/A/Frameworks/DictionaryServices.framework/Versions/A/DictionaryServices
0x0000000000000000 	/System/Library/Frameworks/NetFS.framework/Versions/A/NetFS
0x0000000000000000 	/usr/lib/libsqlite3.dylib
0x0000000000000000 	/System/Library/Frameworks/SystemConfiguration.framework/Versions/A/SystemConfiguration
0x0000000000000000 	/usr/lib/libxslt.1.dylib
0x0000000000000000 	/System/Library/Frameworks/Accelerate.framework/Versions/A/Accelerate
0x0000000000000000 	/System/Library/Frameworks/ApplicationServices.framework/Versions/A/Frameworks/ImageIO.framework/Versions/A/Resources/libTIFF.dylib
0x0000000000000000 	/System/Library/Frameworks/ApplicationServices.framework/Versions/A/Frameworks/ImageIO.framework/Versions/A/Resources/libGIF.dylib
0x0000000000000000 	/System/Library/Frameworks/ApplicationServices.framework/Versions/A/Frameworks/ImageIO.framework/Versions/A/Resources/libPng.dylib
0x0000000000000000 	/System/Library/Frameworks/ApplicationServices.framework/Versions/A/Frameworks/ImageIO.framework/Versions/A/Resources/libRadiance.dylib
0x0000000000000000 	/System/Library/Frameworks/ApplicationServices.framework/Versions/A/Frameworks/ImageIO.framework/Versions/A/Resources/libJPEG.dylib
0x0000000000000000 	/System/Library/Frameworks/Accelerate.framework/Versions/A/Frameworks/vImage.framework/Versions/A/vImage
0x0000000000000000 	/System/Library/Frameworks/Accelerate.framework/Versions/A/Frameworks/vecLib.framework/Versions/A/vecLib
0x0000000000000000 	/System/Library/Frameworks/Accelerate.framework/Versions/A/Frameworks/vecLib.framework/Versions/A/libvDSP.dylib
0x0000000000000000 	/System/Library/Frameworks/Accelerate.framework/Versions/A/Frameworks/vecLib.framework/Versions/A/libvMisc.dylib
0x0000000000000000 	/System/Library/Frameworks/Accelerate.framework/Versions/A/Frameworks/vecLib.framework/Versions/A/libBLAS.dylib
0x0000000000000000 	/System/Library/Frameworks/Accelerate.framework/Versions/A/Frameworks/vecLib.framework/Versions/A/libLAPACK.dylib
0x0000000000000000 	/usr/lib/libcrypto.0.9.8.dylib
0x0000000000000000 	/System/Library/PrivateFrameworks/TrustEvaluationAgent.framework/Versions/A/TrustEvaluationAgent
0x0000000000000000 	/System/Library/Frameworks/ApplicationServices.framework/Versions/A/Frameworks/ATS.framework/Versions/A/Resources/libFontParser.dylib
0x0000000000000000 	/usr/lib/libcups.2.dylib
0x0000000000000000 	/System/Library/Frameworks/Kerberos.framework/Versions/A/Kerberos
0x0000000000000000 	/usr/lib/libresolv.9.dylib
0x0000000000000000 	/System/Library/Frameworks/vecLib.framework/Versions/A/vecLib
0x0000000000000000 	/System/Library/PrivateFrameworks/FamilyControls.framework/Versions/A/FamilyControls
0x0000000000000000 	/System/Library/Frameworks/Carbon.framework/Versions/A/Frameworks/Ink.framework/Versions/A/Ink
0x0000000000000000 	/System/Library/Frameworks/CoreVideo.framework/Versions/A/CoreVideo
0x0000000000000000 	/System/Library/Frameworks/OpenGL.framework/Versions/A/OpenGL
0x0000000000000000 	/System/Library/Frameworks/OpenGL.framework/Versions/A/Libraries/libGLImage.dylib
0x0000000000000000 	/System/Library/Frameworks/OpenCL.framework/Versions/A/OpenCL
0x0000000000000000 	/System/Library/Frameworks/IOSurface.framework/Versions/A/IOSurface
0x0000000000000000 	/System/Library/Frameworks/OpenGL.framework/Versions/A/Libraries/libGLU.dylib
0x0000000000000000 	/System/Library/Frameworks/OpenGL.framework/Versions/A/Libraries/libGL.dylib
0x0000000000000000 	/System/Library/Frameworks/OpenGL.framework/Versions/A/Libraries/libGLProgrammability.dylib
0x0000000000000000 	/System/Library/Frameworks/OpenGL.framework/Versions/A/Libraries/libCoreVMClient.dylib
0x0000000000000000 	/System/Library/Frameworks/OpenGL.framework/Versions/A/Libraries/libGFXShared.dylib
0x0000000000000000 	/System/Library/Frameworks/SecurityFoundation.framework/Versions/A/SecurityFoundation
0x0000000000000000 	/System/Library/Frameworks/OpenDirectory.framework/Versions/A/OpenDirectory
0x0000000000000000 	/System/Library/PrivateFrameworks/CommerceKit.framework/Versions/A/Frameworks/CommerceCore.framework/Versions/A/CommerceCore
0x0000000000000000 	/System/Library/Frameworks/OpenDirectory.framework/Versions/A/Frameworks/CFOpenDirectory.framework/Versions/A/CFOpenDirectory
0x0000000000000000 	/System/Library/PrivateFrameworks/PasswordServer.framework/Versions/A/PasswordServer
0x0000000000000000 	/System/Library/Frameworks/DirectoryService.framework/Versions/A/DirectoryService
0x0000000000000000 	/usr/lib/libsasl2.2.dylib
0x0000000101800000 	/Library/Java/JavaVirtualMachines/jdk1.7.0_80.jdk/Contents/Home/jre/lib/server/libjvm.dylib
0x00000001000b5000 	/Library/Java/JavaVirtualMachines/jdk1.7.0_80.jdk/Contents/Home/jre/lib/libverify.dylib
0x00000001000c2000 	/Library/Java/JavaVirtualMachines/jdk1.7.0_80.jdk/Contents/Home/jre/lib/libjava.dylib
0x0000000100403000 	/Library/Java/JavaVirtualMachines/jdk1.7.0_80.jdk/Contents/Home/jre/lib/libzip.dylib
0x000000010b9fc000 	/System/Library/Frameworks/JavaVM.framework/Frameworks/JavaRuntimeSupport.framework/JavaRuntimeSupport
0x000000010ba18000 	/System/Library/Frameworks/JavaVM.framework/Versions/A/Frameworks/JavaNativeFoundation.framework/Versions/A/JavaNativeFoundation
0x000000010ba2e000 	/System/Library/Frameworks/JavaVM.framework/Versions/A/JavaVM
0x0000000000000000 	/System/Library/Frameworks/Carbon.framework/Versions/A/Carbon
0x0000000000000000 	/System/Library/PrivateFrameworks/CoreSymbolication.framework/Versions/A/CoreSymbolication
0x000000010ba3b000 	/System/Library/PrivateFrameworks/JavaLaunching.framework/Versions/A/JavaLaunching
0x0000000000000000 	/System/Library/Frameworks/Carbon.framework/Versions/A/Frameworks/CommonPanels.framework/Versions/A/CommonPanels
0x0000000000000000 	/System/Library/Frameworks/Carbon.framework/Versions/A/Frameworks/Help.framework/Versions/A/Help
0x0000000000000000 	/System/Library/Frameworks/Carbon.framework/Versions/A/Frameworks/ImageCapture.framework/Versions/A/ImageCapture
0x0000000000000000 	/System/Library/Frameworks/Carbon.framework/Versions/A/Frameworks/OpenScripting.framework/Versions/A/OpenScripting
0x0000000000000000 	/System/Library/Frameworks/Carbon.framework/Versions/A/Frameworks/Print.framework/Versions/A/Print
0x0000000000000000 	/System/Library/Frameworks/Carbon.framework/Versions/A/Frameworks/SecurityHI.framework/Versions/A/SecurityHI
0x0000000000000000 	/System/Library/PrivateFrameworks/DebugSymbols.framework/Versions/A/DebugSymbols
0x000000010c2eb000 	/Library/Java/JavaVirtualMachines/jdk1.7.0_80.jdk/Contents/Home/jre/lib/libnio.dylib
0x000000010c433000 	/Library/Java/JavaVirtualMachines/jdk1.7.0_80.jdk/Contents/Home/jre/lib/./libnet.dylib

VM Arguments:
jvm_args: -Dfile.encoding=UTF-8 -XX:+TieredCompilation -XX:TieredStopAtLevel=1 -XX:-OmitStackTraceInFastThrow -Dclojure.compile.path=/Users/Phonatacid/Documents/Code/Clojure/shuriken/target/classes -Dshuriken.version=0.13.8 -Dclojure.debug=false 
java_command: clojure.main -i /Users/Phonatacid/Documents/Code/Clojure/shuriken/target/859ba439c452505e28199421758b903a5e48750b-init.clj
Launcher Type: SUN_STANDARD

Environment Variables:
CLASSPATH=/Users/Phonatacid/.lein/self-installs/leiningen-2.5.3-standalone.jar
PATH=/opt/local/bin:/opt/local/sbin:/usr/local/bin:/usr/bin:/bin:/usr/sbin:/sbin:/usr/local/bin:/usr/local/MacGPG2/bin:/Applications/Wireshark.app/Contents/MacOS:/usr/X11/bin:/Users/Phonatacid/.rvm/bin
SHELL=/bin/bash
DISPLAY=/tmp/launch-cZyiGS/org.x:0

Signal Handlers:
SIGSEGV: [libjvm.dylib+0x52e8c9], sa_mask[0]=0xfffefeff, sa_flags=0x00000043
SIGBUS: [libjvm.dylib+0x52e8c9], sa_mask[0]=0xfffefeff, sa_flags=0x00000042
SIGFPE: [libjvm.dylib+0x42022e], sa_mask[0]=0xfffefeff, sa_flags=0x00000042
SIGPIPE: [libjvm.dylib+0x42022e], sa_mask[0]=0xfffefeff, sa_flags=0x00000042
SIGXFSZ: [libjvm.dylib+0x42022e], sa_mask[0]=0xfffefeff, sa_flags=0x00000042
SIGILL: [libjvm.dylib+0x42022e], sa_mask[0]=0xfffefeff, sa_flags=0x00000042
SIGUSR1: SIG_DFL, sa_mask[0]=0x63807efb, sa_flags=0x00000000
SIGUSR2: [libjvm.dylib+0x41fd20], sa_mask[0]=0x00000004, sa_flags=0x00000042
SIGHUP: [libjvm.dylib+0x41dfd5], sa_mask[0]=0xfffefeff, sa_flags=0x00000042
SIGINT: [libjvm.dylib+0x41dfd5], sa_mask[0]=0xfffefeff, sa_flags=0x00000042
SIGTERM: [libjvm.dylib+0x41dfd5], sa_mask[0]=0xfffefeff, sa_flags=0x00000042
SIGQUIT: [libjvm.dylib+0x41dfd5], sa_mask[0]=0xfffefeff, sa_flags=0x00000042


---------------  S Y S T E M  ---------------

OS:Bsduname:Darwin 10.8.0 Darwin Kernel Version 10.8.0: Tue Jun  7 16:33:36 PDT 2011; root:xnu-1504.15.3~1/RELEASE_I386 i386
rlimit: STACK 8192k, CORE 0k, NPROC 266, NOFILE 10240, AS infinity
load average:1,13 0,64 0,54

CPU:total 2 (2 cores per cpu, 1 threads per core) family 6 model 15 stepping 10, cmov, cx8, fxsr, mmx, sse, sse2, sse3, ssse3, tsc

Memory: 4k page, physical 4194304k(1048576k free)

/proc/meminfo:


vm_info: Java HotSpot(TM) 64-Bit Server VM (24.80-b11) for bsd-amd64 JRE (1.7.0_80-b15), built on Apr 10 2015 11:25:43 by "java_re" with gcc 4.2.1 (Based on Apple Inc. build 5658) (LLVM build 2336.11.00)

time: Wed Dec 27 21:19:49 2017
elapsed time: 10 seconds

