#
# A fatal error has been detected by the Java Runtime Environment:
#
#  SIGSEGV (0xb) at pc=0x00000001019f23e5, pid=46017, tid=12035
#
# JRE version: Java(TM) SE Runtime Environment (7.0_80-b15) (build 1.7.0_80-b15)
# Java VM: Java HotSpot(TM) 64-Bit Server VM (24.80-b11 mixed mode bsd-amd64 compressed oops)
# Problematic frame:
# V  [libjvm.dylib+0x1f23e5]
#
# Failed to write core dump. Core dumps have been disabled. To enable core dumping, try "ulimit -c unlimited" before starting Java again
#
# If you would like to submit a bug report, please visit:
#   http://bugreport.java.com/bugreport/crash.jsp
#

---------------  T H R E A D  ---------------

Current thread (0x0000000100859000):  GCTaskThread [stack: 0x00000001083bc000,0x00000001084bc000] [id=12035]

siginfo:si_signo=SIGSEGV: si_errno=0, si_code=1 (SEGV_MAPERR), si_addr=0x00000003baea9000

Registers:
RAX=0x0000000101f7e940, RBX=0x0000000000000009, RCX=0x0000000000000003, RDX=0x0000000000000001
RSP=0x00000001084bbbf0, RBP=0x00000001084bbbf0, RSI=0x00000007eee7ae18, RDI=0x00000003baea8fe8
R8 =0x0000000000000010, R9 =0x0000000000000001, R10=0x0000000003e03f01, R11=0x00000007f3839508
R12=0x0000000102019698, R13=0x00000007f38397c9, R14=0x0000000100124b70, R15=0x0000000100124c10
RIP=0x00000001019f23e5, EFLAGS=0x0000000000010206, ERR=0x0000000000000004
  TRAPNO=0x000000000000000e

Top of Stack: (sp=0x00000001084bbbf0)
0x00000001084bbbf0:   00000001084bbc60 0000000101c5dfd5
0x00000001084bbc00:   00000007c07e344d 00000007eee7ae18
0x00000001084bbc10:   00000007f3833330 0000000000001000
0x00000001084bbc20:   00000007c053333d 00007fff70cb9650
0x00000001084bbc30:   0000000000000015 00000007f38397c9
0x00000001084bbc40:   0000000102019698 00000007f38397c9
0x00000001084bbc50:   00000007f38397c8 0000000100124c10
0x00000001084bbc60:   00000001084bbc80 0000000101c5e401
0x00000001084bbc70:   0000000100124b70 0000000100124bd8
0x00000001084bbc80:   00000001084bbce0 0000000101c5d45d
0x00000001084bbc90:   00000007bb12c9c8 00000007bb12c9c8
0x00000001084bbca0:   00000007f38397c9 00000007bb12c9c8
0x00000001084bbcb0:   0000000100124b70 00000007c05c0000
0x00000001084bbcc0:   00000001005b7e01 00000007c05c0000
0x00000001084bbcd0:   00000001005b7e01 0000000000000240
0x00000001084bbce0:   00000001084bbda0 000000010196cfe2
0x00000001084bbcf0:   000000010011fa00 0000000000000100
0x00000001084bbd00:   fffffffeffa470db 0000000000000080
0x00000001084bbd10:   00000001005b8f23 00000000fc7b5080
0x00000001084bbd20:   00000001005b8f24 0000000003e02d00
0x00000001084bbd30:   fffffffeffa481ff 0000000003e03f24
0x00000001084bbd40:   00000001005b7e00 00000001005b7d81
0x00000001084bbd50:   00000007c07e46c8 00000007c05c0000
0x00000001084bbd60:   000000010011b4f0 0000000100124b70
0x00000001084bbd70:   000000010011b260 0000000100121990
0x00000001084bbd80:   0000000000000000 0000000101d808d0
0x00000001084bbd90:   0000000100124b70 0000000000000001
0x00000001084bbda0:   00000001084bbdd0 0000000101c609fb
0x00000001084bbdb0:   0000000000000002 000000010011ea80
0x00000001084bbdc0:   0000000100859000 0000000100121990
0x00000001084bbdd0:   00000001084bbeb0 0000000101a6e32f
0x00000001084bbde0:   00000001084bbe10 000000010011ecf0 

Instructions: (pc=0x00000001019f23e5)
0x00000001019f23c5:   84 d2 48 89 fe 74 15 48 8d 05 6d c5 58 00 8a 48
0x00000001019f23d5:   08 8b 7e 08 48 d3 e7 48 03 38 eb 04 48 8b 7e 08
0x00000001019f23e5:   8b 47 18 48 83 c7 10 85 c0 7e 09 a8 01 75 4e c1
0x00000001019f23f5:   f8 03 eb 47 85 c0 7f 43 85 c0 79 41 84 d2 0f 94 

Register to memory mapping:

RAX=0x0000000101f7e940: _ZN8Universe11_narrow_oopE+0 in /Library/Java/JavaVirtualMachines/jdk1.7.0_80.jdk/Contents/Home/jre/lib/server/libjvm.dylib at 0x0000000101800000
RBX=0x0000000000000009 is an unknown value
RCX=0x0000000000000003 is an unknown value
RDX=0x0000000000000001 is an unknown value
RSP=0x00000001084bbbf0 is an unknown value
RBP=0x00000001084bbbf0 is an unknown value
RSI=0x00000007eee7ae18 is an unknown value
RDI=0x00000003baea8fe8 is an unknown value
R8 =0x0000000000000010 is an unknown value
R9 =0x0000000000000001 is an unknown value
R10=0x0000000003e03f01 is an unknown value
R11=0x00000007f3839508 is an oop
[Lclojure.lang.PersistentHashMap$INode; 
 - klass: 'clojure/lang/PersistentHashMap$INode'[]
 - length: 32
R12=0x0000000102019698: _ZN2os16_processor_countE+0 in /Library/Java/JavaVirtualMachines/jdk1.7.0_80.jdk/Contents/Home/jre/lib/server/libjvm.dylib at 0x0000000101800000
R13=0x00000007f38397c9 is an unknown value
R14=0x0000000100124b70 is an unknown value
R15=0x0000000100124c10 is an unknown value


Stack: [0x00000001083bc000,0x00000001084bc000],  sp=0x00000001084bbbf0,  free space=1022k
Native frames: (J=compiled Java code, j=interpreted, Vv=VM code, C=native code)
V  [libjvm.dylib+0x1f23e5]
V  [libjvm.dylib+0x45dfd5]
V  [libjvm.dylib+0x45e401]
V  [libjvm.dylib+0x45d45d]
V  [libjvm.dylib+0x16cfe2]
V  [libjvm.dylib+0x4609fb]
V  [libjvm.dylib+0x26e32f]
V  [libjvm.dylib+0x422b92]
C  [libSystem.B.dylib+0x39fd6]  _pthread_start+0x14b
C  [libSystem.B.dylib+0x39e89]  thread_start+0xd


---------------  P R O C E S S  ---------------

Java Threads: ( => current thread )
  0x0000000101010000 JavaThread "Service Thread" daemon [_thread_blocked, id=19203, stack(0x000000010c10a000,0x000000010c20a000)]
  0x000000010100f800 JavaThread "C1 CompilerThread1" daemon [_thread_blocked, id=18691, stack(0x000000010c007000,0x000000010c107000)]
  0x000000010100e000 JavaThread "C2 CompilerThread0" daemon [_thread_blocked, id=18179, stack(0x000000010bf04000,0x000000010c004000)]
  0x00000001008ca000 JavaThread "Signal Dispatcher" daemon [_thread_blocked, id=17667, stack(0x000000010be01000,0x000000010bf01000)]
  0x0000000100898800 JavaThread "Finalizer" daemon [_thread_blocked, id=14083, stack(0x000000010b8fa000,0x000000010b9fa000)]
  0x0000000100898000 JavaThread "Reference Handler" daemon [_thread_blocked, id=13571, stack(0x000000010b7f7000,0x000000010b8f7000)]
  0x000000010084d000 JavaThread "main" [_thread_blocked, id=1547, stack(0x0000000100301000,0x0000000100401000)]

Other Threads:
  0x0000000100895800 VMThread [stack: 0x000000010b6f4000,0x000000010b7f4000] [id=13059]
  0x00000001008a2800 WatcherThread [stack: 0x000000010c20d000,0x000000010c30d000] [id=23811]

=>0x0000000100859000 (exited) GCTaskThread [stack: 0x00000001083bc000,0x00000001084bc000] [id=12035]

VM state:at safepoint (normal execution)

VM Mutex/Monitor currently owned by a thread:  ([mutex/lock_event])
[0x0000000100114850] Threads_lock - owner thread: 0x0000000100895800
[0x0000000100114d50] Heap_lock - owner thread: 0x000000010084d000

Heap
 PSYoungGen      total 70144K, used 70112K [0x00000007eaa80000, 0x00000007f3b80000, 0x0000000800000000)
  eden space 67584K, 100% used [0x00000007eaa80000,0x00000007eec80000,0x00000007eec80000)
  from space 2560K, 98% used [0x00000007eec80000,0x00000007eeef8020,0x00000007eef00000)
  to   space 6656K, 50% used [0x00000007f3500000,0x00000007f3843330,0x00000007f3b80000)
 ParOldGen       total 43520K, used 8081K [0x00000007c0000000, 0x00000007c2a80000, 0x00000007eaa80000)
  object space 43520K, 18% used [0x00000007c0000000,0x00000007c07e46c8,0x00000007c2a80000)
 PSPermGen       total 21504K, used 17193K [0x00000007bae00000, 0x00000007bc300000, 0x00000007c0000000)
  object space 21504K, 79% used [0x00000007bae00000,0x00000007bbeca6a8,0x00000007bc300000)

Card table byte_map: [0x000000010058c000,0x00000001007b6000] byte_map_base: 0x00000000fc7b5000

Polling page: 0x00000001000f2000

Code Cache  [0x0000000102265000, 0x00000001026e5000, 0x0000000108265000)
 total_blobs=2054 nmethods=1757 adapters=232 free_code_cache=93733Kb largest_free_block=95981824

Compilation events (10 events):
Event: 14,574 Thread 0x000000010100f800 1759       1       java.util.concurrent.locks.ReentrantReadWriteLock$Sync::isHeldExclusively (16 bytes)
Event: 14,575 Thread 0x000000010100f800 nmethod 1759 0x00000001026d9250 code [0x00000001026d93a0, 0x00000001026d9510]
Event: 14,597 Thread 0x000000010100f800 1760  s    1       sun.net.www.protocol.file.Handler::openConnection (7 bytes)
Event: 14,597 Thread 0x000000010100f800 nmethod 1760 0x00000001026d9550 code [0x00000001026d96c0, 0x00000001026d9988]
Event: 14,625 Thread 0x000000010100f800 1761  s!   1       sun.net.www.protocol.file.Handler::openConnection (194 bytes)
Event: 14,629 Thread 0x000000010100f800 nmethod 1761 0x00000001026d9a50 code [0x00000001026d9ce0, 0x00000001026daa18]
Event: 14,630 Thread 0x000000010100f800 1762       1       clojure.lang.PersistentTreeMap::black (58 bytes)
Event: 14,631 Thread 0x000000010100f800 nmethod 1762 0x00000001026db5d0 code [0x00000001026db740, 0x00000001026dbb10]
Event: 14,633 Thread 0x000000010100f800 1763       1       clojure.lang.PersistentTreeMap$RedBranchVal::val (5 bytes)
Event: 14,633 Thread 0x000000010100f800 nmethod 1763 0x00000001026dbc10 code [0x00000001026dbd60, 0x00000001026dbeb0]

GC Heap History (10 events):
Event: 2,120 GC heap after
Heap after GC invocations=1 (full 0):
 PSYoungGen      total 19456K, used 2543K [0x00000007eaa80000, 0x00000007ed080000, 0x0000000800000000)
  eden space 16896K, 0% used [0x00000007eaa80000,0x00000007eaa80000,0x00000007ebb00000)
  from space 2560K, 99% used [0x00000007ebb00000,0x00000007ebd7be80,0x00000007ebd80000)
  to   space 2560K, 0% used [0x00000007ece00000,0x00000007ece00000,0x00000007ed080000)
 ParOldGen       total 43520K, used 76K [0x00000007c0000000, 0x00000007c2a80000, 0x00000007eaa80000)
  object space 43520K, 0% used [0x00000007c0000000,0x00000007c0013360,0x00000007c2a80000)
 PSPermGen       total 21504K, used 5612K [0x00000007bae00000, 0x00000007bc300000, 0x00000007c0000000)
  object space 21504K, 26% used [0x00000007bae00000,0x00000007bb37b3a8,0x00000007bc300000)
}
Event: 3,107 GC heap before
{Heap before GC invocations=2 (full 0):
 PSYoungGen      total 19456K, used 19439K [0x00000007eaa80000, 0x00000007ed080000, 0x0000000800000000)
  eden space 16896K, 100% used [0x00000007eaa80000,0x00000007ebb00000,0x00000007ebb00000)
  from space 2560K, 99% used [0x00000007ebb00000,0x00000007ebd7be80,0x00000007ebd80000)
  to   space 2560K, 0% used [0x00000007ece00000,0x00000007ece00000,0x00000007ed080000)
 ParOldGen       total 43520K, used 76K [0x00000007c0000000, 0x00000007c2a80000, 0x00000007eaa80000)
  object space 43520K, 0% used [0x00000007c0000000,0x00000007c0013360,0x00000007c2a80000)
 PSPermGen       total 21504K, used 7505K [0x00000007bae00000, 0x00000007bc300000, 0x00000007c0000000)
  object space 21504K, 34% used [0x00000007bae00000,0x00000007bb5544e0,0x00000007bc300000)
Event: 3,133 GC heap after
Heap after GC invocations=2 (full 0):
 PSYoungGen      total 36352K, used 2528K [0x00000007eaa80000, 0x00000007ed080000, 0x0000000800000000)
  eden space 33792K, 0% used [0x00000007eaa80000,0x00000007eaa80000,0x00000007ecb80000)
  from space 2560K, 98% used [0x00000007ece00000,0x00000007ed078020,0x00000007ed080000)
  to   space 2560K, 0% used [0x00000007ecb80000,0x00000007ecb80000,0x00000007ece00000)
 ParOldGen       total 43520K, used 419K [0x00000007c0000000, 0x00000007c2a80000, 0x00000007eaa80000)
  object space 43520K, 0% used [0x00000007c0000000,0x00000007c0068ed0,0x00000007c2a80000)
 PSPermGen       total 21504K, used 7505K [0x00000007bae00000, 0x00000007bc300000, 0x00000007c0000000)
  object space 21504K, 34% used [0x00000007bae00000,0x00000007bb5544e0,0x00000007bc300000)
}
Event: 4,569 GC heap before
{Heap before GC invocations=3 (full 0):
 PSYoungGen      total 36352K, used 36320K [0x00000007eaa80000, 0x00000007ed080000, 0x0000000800000000)
  eden space 33792K, 100% used [0x00000007eaa80000,0x00000007ecb80000,0x00000007ecb80000)
  from space 2560K, 98% used [0x00000007ece00000,0x00000007ed078020,0x00000007ed080000)
  to   space 2560K, 0% used [0x00000007ecb80000,0x00000007ecb80000,0x00000007ece00000)
 ParOldGen       total 43520K, used 419K [0x00000007c0000000, 0x00000007c2a80000, 0x00000007eaa80000)
  object space 43520K, 0% used [0x00000007c0000000,0x00000007c0068ed0,0x00000007c2a80000)
 PSPermGen       total 21504K, used 9990K [0x00000007bae00000, 0x00000007bc300000, 0x00000007c0000000)
  object space 21504K, 46% used [0x00000007bae00000,0x00000007bb7c1bb8,0x00000007bc300000)
Event: 4,608 GC heap after
Heap after GC invocations=3 (full 0):
 PSYoungGen      total 36352K, used 2560K [0x00000007eaa80000, 0x00000007ef180000, 0x0000000800000000)
  eden space 33792K, 0% used [0x00000007eaa80000,0x00000007eaa80000,0x00000007ecb80000)
  from space 2560K, 100% used [0x00000007ecb80000,0x00000007ece00000,0x00000007ece00000)
  to   space 2560K, 0% used [0x00000007eef00000,0x00000007eef00000,0x00000007ef180000)
 ParOldGen       total 43520K, used 2651K [0x00000007c0000000, 0x00000007c2a80000, 0x00000007eaa80000)
  object space 43520K, 6% used [0x00000007c0000000,0x00000007c0296d90,0x00000007c2a80000)
 PSPermGen       total 21504K, used 9990K [0x00000007bae00000, 0x00000007bc300000, 0x00000007c0000000)
  object space 21504K, 46% used [0x00000007bae00000,0x00000007bb7c1bb8,0x00000007bc300000)
}
Event: 6,451 GC heap before
{Heap before GC invocations=4 (full 0):
 PSYoungGen      total 36352K, used 36352K [0x00000007eaa80000, 0x00000007ef180000, 0x0000000800000000)
  eden space 33792K, 100% used [0x00000007eaa80000,0x00000007ecb80000,0x00000007ecb80000)
  from space 2560K, 100% used [0x00000007ecb80000,0x00000007ece00000,0x00000007ece00000)
  to   space 2560K, 0% used [0x00000007eef00000,0x00000007eef00000,0x00000007ef180000)
 ParOldGen       total 43520K, used 2651K [0x00000007c0000000, 0x00000007c2a80000, 0x00000007eaa80000)
  object space 43520K, 6% used [0x00000007c0000000,0x00000007c0296d90,0x00000007c2a80000)
 PSPermGen       total 21504K, used 12790K [0x00000007bae00000, 0x00000007bc300000, 0x00000007c0000000)
  object space 21504K, 59% used [0x00000007bae00000,0x00000007bba7db20,0x00000007bc300000)
Event: 6,499 GC heap after
Heap after GC invocations=4 (full 0):
 PSYoungGen      total 70144K, used 2528K [0x00000007eaa80000, 0x00000007ef180000, 0x0000000800000000)
  eden space 67584K, 0% used [0x00000007eaa80000,0x00000007eaa80000,0x00000007eec80000)
  from space 2560K, 98% used [0x00000007eef00000,0x00000007ef178020,0x00000007ef180000)
  to   space 2560K, 0% used [0x00000007eec80000,0x00000007eec80000,0x00000007eef00000)
 ParOldGen       total 43520K, used 5097K [0x00000007c0000000, 0x00000007c2a80000, 0x00000007eaa80000)
  object space 43520K, 11% used [0x00000007c0000000,0x00000007c04fa488,0x00000007c2a80000)
 PSPermGen       total 21504K, used 12790K [0x00000007bae00000, 0x00000007bc300000, 0x00000007c0000000)
  object space 21504K, 59% used [0x00000007bae00000,0x00000007bba7db20,0x00000007bc300000)
}
Event: 10,175 GC heap before
{Heap before GC invocations=5 (full 0):
 PSYoungGen      total 70144K, used 70112K [0x00000007eaa80000, 0x00000007ef180000, 0x0000000800000000)
  eden space 67584K, 100% used [0x00000007eaa80000,0x00000007eec80000,0x00000007eec80000)
  from space 2560K, 98% used [0x00000007eef00000,0x00000007ef178020,0x00000007ef180000)
  to   space 2560K, 0% used [0x00000007eec80000,0x00000007eec80000,0x00000007eef00000)
 ParOldGen       total 43520K, used 5097K [0x00000007c0000000, 0x00000007c2a80000, 0x00000007eaa80000)
  object space 43520K, 11% used [0x00000007c0000000,0x00000007c04fa488,0x00000007c2a80000)
 PSPermGen       total 21504K, used 15114K [0x00000007bae00000, 0x00000007bc300000, 0x00000007c0000000)
  object space 21504K, 70% used [0x00000007bae00000,0x00000007bbcc2800,0x00000007bc300000)
Event: 10,252 GC heap after
Heap after GC invocations=5 (full 0):
 PSYoungGen      total 70144K, used 2528K [0x00000007eaa80000, 0x00000007f3b80000, 0x0000000800000000)
  eden space 67584K, 0% used [0x00000007eaa80000,0x00000007eaa80000,0x00000007eec80000)
  from space 2560K, 98% used [0x00000007eec80000,0x00000007eeef8020,0x00000007eef00000)
  to   space 6656K, 0% used [0x00000007f3500000,0x00000007f3500000,0x00000007f3b80000)
 ParOldGen       total 43520K, used 8081K [0x00000007c0000000, 0x00000007c2a80000, 0x00000007eaa80000)
  object space 43520K, 18% used [0x00000007c0000000,0x00000007c07e46c8,0x00000007c2a80000)
 PSPermGen       total 21504K, used 15114K [0x00000007bae00000, 0x00000007bc300000, 0x00000007c0000000)
  object space 21504K, 70% used [0x00000007bae00000,0x00000007bbcc2800,0x00000007bc300000)
}
Event: 14,675 GC heap before
{Heap before GC invocations=6 (full 0):
 PSYoungGen      total 70144K, used 70112K [0x00000007eaa80000, 0x00000007f3b80000, 0x0000000800000000)
  eden space 67584K, 100% used [0x00000007eaa80000,0x00000007eec80000,0x00000007eec80000)
  from space 2560K, 98% used [0x00000007eec80000,0x00000007eeef8020,0x00000007eef00000)
  to   space 6656K, 0% used [0x00000007f3500000,0x00000007f3500000,0x00000007f3b80000)
 ParOldGen       total 43520K, used 8081K [0x00000007c0000000, 0x00000007c2a80000, 0x00000007eaa80000)
  object space 43520K, 18% used [0x00000007c0000000,0x00000007c07e46c8,0x00000007c2a80000)
 PSPermGen       total 21504K, used 17193K [0x00000007bae00000, 0x00000007bc300000, 0x00000007c0000000)
  object space 21504K, 79% used [0x00000007bae00000,0x00000007bbeca6a8,0x00000007bc300000)

Deoptimization events (0 events):
No events

Internal exceptions (10 events):
Event: 14,576 Thread 0x000000010084d000 Threw 0x00000007ee8a1cf8 at /Users/java_re/workspace/7u-2-build-macosx-x86_64/jdk7u80/2329/hotspot/src/share/vm/prims/jvm.cpp:1319
Event: 14,576 Thread 0x000000010084d000 Threw 0x00000007ee8a2620 at /Users/java_re/workspace/7u-2-build-macosx-x86_64/jdk7u80/2329/hotspot/src/share/vm/prims/jvm.cpp:1319
Event: 14,576 Thread 0x000000010084d000 Threw 0x00000007ee8a2f48 at /Users/java_re/workspace/7u-2-build-macosx-x86_64/jdk7u80/2329/hotspot/src/share/vm/prims/jvm.cpp:1319
Event: 14,576 Thread 0x000000010084d000 Threw 0x00000007ee8a3870 at /Users/java_re/workspace/7u-2-build-macosx-x86_64/jdk7u80/2329/hotspot/src/share/vm/prims/jvm.cpp:1319
Event: 14,576 Thread 0x000000010084d000 Threw 0x00000007ee8a4198 at /Users/java_re/workspace/7u-2-build-macosx-x86_64/jdk7u80/2329/hotspot/src/share/vm/prims/jvm.cpp:1319
Event: 14,576 Thread 0x000000010084d000 Threw 0x00000007ee8a4ac0 at /Users/java_re/workspace/7u-2-build-macosx-x86_64/jdk7u80/2329/hotspot/src/share/vm/prims/jvm.cpp:1319
Event: 14,577 Thread 0x000000010084d000 Threw 0x00000007ee8a53e8 at /Users/java_re/workspace/7u-2-build-macosx-x86_64/jdk7u80/2329/hotspot/src/share/vm/prims/jvm.cpp:1319
Event: 14,577 Thread 0x000000010084d000 Threw 0x00000007ee8a5d10 at /Users/java_re/workspace/7u-2-build-macosx-x86_64/jdk7u80/2329/hotspot/src/share/vm/prims/jvm.cpp:1319
Event: 14,577 Thread 0x000000010084d000 Threw 0x00000007ee8a6638 at /Users/java_re/workspace/7u-2-build-macosx-x86_64/jdk7u80/2329/hotspot/src/share/vm/prims/jvm.cpp:1319
Event: 14,577 Thread 0x000000010084d000 Threw 0x00000007ee8a6f60 at /Users/java_re/workspace/7u-2-build-macosx-x86_64/jdk7u80/2329/hotspot/src/share/vm/prims/jvm.cpp:1319

Events (10 events):
Event: 14,233 loading class 0x000000010cc04d90 done
Event: 14,254 loading class 0x0000000100283b80
Event: 14,254 loading class 0x0000000100283b80 done
Event: 14,353 loading class 0x0000000100185f10
Event: 14,353 loading class 0x0000000100185f10 done
Event: 14,401 loading class 0x0000000100227150
Event: 14,401 loading class 0x0000000100227150 done
Event: 14,575 loading class 0x0000000100288da0
Event: 14,575 loading class 0x0000000100288da0 done
Event: 14,675 Executing VM operation: ParallelGCFailedAllocation


Dynamic libraries:
0x0000000000000000 	/System/Library/Frameworks/Cocoa.framework/Versions/A/Cocoa
0x0000000000000000 	/System/Library/Frameworks/Security.framework/Versions/A/Security
0x0000000000000000 	/System/Library/Frameworks/ApplicationServices.framework/Versions/A/ApplicationServices
0x0000000000000000 	/usr/lib/libz.1.dylib
0x0000000000000000 	/usr/lib/libSystem.B.dylib
0x0000000000000000 	/usr/lib/libobjc.A.dylib
0x0000000000000000 	/System/Library/Frameworks/CoreFoundation.framework/Versions/A/CoreFoundation
0x0000000000000000 	/System/Library/Frameworks/Foundation.framework/Versions/C/Foundation
0x0000000000000000 	/System/Library/Frameworks/AppKit.framework/Versions/C/AppKit
0x0000000000000000 	/System/Library/Frameworks/CoreData.framework/Versions/A/CoreData
0x0000000000000000 	/System/Library/Frameworks/AudioToolbox.framework/Versions/A/AudioToolbox
0x0000000000000000 	/System/Library/Frameworks/AudioUnit.framework/Versions/A/AudioUnit
0x0000000000000000 	/System/Library/PrivateFrameworks/DesktopServicesPriv.framework/Versions/A/DesktopServicesPriv
0x0000000000000000 	/System/Library/Frameworks/Carbon.framework/Versions/A/Frameworks/HIToolbox.framework/Versions/A/HIToolbox
0x0000000000000000 	/System/Library/Frameworks/IOKit.framework/Versions/A/IOKit
0x0000000000000000 	/System/Library/Frameworks/QuartzCore.framework/Versions/A/QuartzCore
0x0000000000000000 	/System/Library/Frameworks/Carbon.framework/Versions/A/Frameworks/SpeechRecognition.framework/Versions/A/SpeechRecognition
0x0000000000000000 	/usr/lib/libauto.dylib
0x0000000000000000 	/usr/lib/libicucore.A.dylib
0x0000000000000000 	/usr/lib/libxml2.2.dylib
0x0000000000000000 	/System/Library/PrivateFrameworks/CoreUI.framework/Versions/A/CoreUI
0x0000000000000000 	/System/Library/Frameworks/CoreAudio.framework/Versions/A/CoreAudio
0x0000000000000000 	/System/Library/Frameworks/DiskArbitration.framework/Versions/A/DiskArbitration
0x0000000000000000 	/usr/lib/liblangid.dylib
0x0000000000000000 	/System/Library/PrivateFrameworks/MultitouchSupport.framework/Versions/A/MultitouchSupport
0x0000000000000000 	/System/Library/Frameworks/CoreServices.framework/Versions/A/CoreServices
0x0000000000000000 	/System/Library/Frameworks/ApplicationServices.framework/Versions/A/Frameworks/CoreGraphics.framework/Versions/A/CoreGraphics
0x0000000000000000 	/System/Library/Frameworks/ApplicationServices.framework/Versions/A/Frameworks/ImageIO.framework/Versions/A/ImageIO
0x0000000000000000 	/System/Library/Frameworks/ApplicationServices.framework/Versions/A/Frameworks/CoreText.framework/Versions/A/CoreText
0x0000000000000000 	/System/Library/Frameworks/ApplicationServices.framework/Versions/A/Frameworks/ATS.framework/Versions/A/ATS
0x0000000000000000 	/System/Library/Frameworks/ApplicationServices.framework/Versions/A/Frameworks/ColorSync.framework/Versions/A/ColorSync
0x0000000000000000 	/System/Library/Frameworks/ApplicationServices.framework/Versions/A/Frameworks/HIServices.framework/Versions/A/HIServices
0x0000000000000000 	/System/Library/Frameworks/ApplicationServices.framework/Versions/A/Frameworks/LangAnalysis.framework/Versions/A/LangAnalysis
0x0000000000000000 	/System/Library/Frameworks/ApplicationServices.framework/Versions/A/Frameworks/PrintCore.framework/Versions/A/PrintCore
0x0000000000000000 	/System/Library/Frameworks/ApplicationServices.framework/Versions/A/Frameworks/QD.framework/Versions/A/QD
0x0000000000000000 	/System/Library/Frameworks/ApplicationServices.framework/Versions/A/Frameworks/SpeechSynthesis.framework/Versions/A/SpeechSynthesis
0x0000000000000000 	/usr/lib/libbsm.0.dylib
0x0000000000000000 	/usr/lib/system/libmathCommon.A.dylib
0x0000000000000000 	/usr/lib/libstdc++.6.dylib
0x0000000000000000 	/usr/lib/system/libkxld.dylib
0x0000000000000000 	/System/Library/Frameworks/CoreServices.framework/Versions/A/Frameworks/CarbonCore.framework/Versions/A/CarbonCore
0x0000000000000000 	/System/Library/Frameworks/CoreServices.framework/Versions/A/Frameworks/CFNetwork.framework/Versions/A/CFNetwork
0x0000000000000000 	/System/Library/Frameworks/CoreServices.framework/Versions/A/Frameworks/Metadata.framework/Versions/A/Metadata
0x0000000000000000 	/System/Library/Frameworks/CoreServices.framework/Versions/A/Frameworks/OSServices.framework/Versions/A/OSServices
0x0000000000000000 	/System/Library/Frameworks/CoreServices.framework/Versions/A/Frameworks/SearchKit.framework/Versions/A/SearchKit
0x0000000000000000 	/System/Library/Frameworks/CoreServices.framework/Versions/A/Frameworks/AE.framework/Versions/A/AE
0x0000000000000000 	/System/Library/Frameworks/CoreServices.framework/Versions/A/Frameworks/LaunchServices.framework/Versions/A/LaunchServices
0x0000000000000000 	/System/Library/Frameworks/CoreServices.framework/Versions/A/Frameworks/DictionaryServices.framework/Versions/A/DictionaryServices
0x0000000000000000 	/System/Library/Frameworks/NetFS.framework/Versions/A/NetFS
0x0000000000000000 	/usr/lib/libsqlite3.dylib
0x0000000000000000 	/System/Library/Frameworks/SystemConfiguration.framework/Versions/A/SystemConfiguration
0x0000000000000000 	/usr/lib/libxslt.1.dylib
0x0000000000000000 	/System/Library/Frameworks/Accelerate.framework/Versions/A/Accelerate
0x0000000000000000 	/System/Library/Frameworks/ApplicationServices.framework/Versions/A/Frameworks/ImageIO.framework/Versions/A/Resources/libTIFF.dylib
0x0000000000000000 	/System/Library/Frameworks/ApplicationServices.framework/Versions/A/Frameworks/ImageIO.framework/Versions/A/Resources/libGIF.dylib
0x0000000000000000 	/System/Library/Frameworks/ApplicationServices.framework/Versions/A/Frameworks/ImageIO.framework/Versions/A/Resources/libPng.dylib
0x0000000000000000 	/System/Library/Frameworks/ApplicationServices.framework/Versions/A/Frameworks/ImageIO.framework/Versions/A/Resources/libRadiance.dylib
0x0000000000000000 	/System/Library/Frameworks/ApplicationServices.framework/Versions/A/Frameworks/ImageIO.framework/Versions/A/Resources/libJPEG.dylib
0x0000000000000000 	/System/Library/Frameworks/Accelerate.framework/Versions/A/Frameworks/vImage.framework/Versions/A/vImage
0x0000000000000000 	/System/Library/Frameworks/Accelerate.framework/Versions/A/Frameworks/vecLib.framework/Versions/A/vecLib
0x0000000000000000 	/System/Library/Frameworks/Accelerate.framework/Versions/A/Frameworks/vecLib.framework/Versions/A/libvDSP.dylib
0x0000000000000000 	/System/Library/Frameworks/Accelerate.framework/Versions/A/Frameworks/vecLib.framework/Versions/A/libvMisc.dylib
0x0000000000000000 	/System/Library/Frameworks/Accelerate.framework/Versions/A/Frameworks/vecLib.framework/Versions/A/libBLAS.dylib
0x0000000000000000 	/System/Library/Frameworks/Accelerate.framework/Versions/A/Frameworks/vecLib.framework/Versions/A/libLAPACK.dylib
0x0000000000000000 	/usr/lib/libcrypto.0.9.8.dylib
0x0000000000000000 	/System/Library/PrivateFrameworks/TrustEvaluationAgent.framework/Versions/A/TrustEvaluationAgent
0x0000000000000000 	/System/Library/Frameworks/ApplicationServices.framework/Versions/A/Frameworks/ATS.framework/Versions/A/Resources/libFontParser.dylib
0x0000000000000000 	/usr/lib/libcups.2.dylib
0x0000000000000000 	/System/Library/Frameworks/Kerberos.framework/Versions/A/Kerberos
0x0000000000000000 	/usr/lib/libresolv.9.dylib
0x0000000000000000 	/System/Library/Frameworks/vecLib.framework/Versions/A/vecLib
0x0000000000000000 	/System/Library/PrivateFrameworks/FamilyControls.framework/Versions/A/FamilyControls
0x0000000000000000 	/System/Library/Frameworks/Carbon.framework/Versions/A/Frameworks/Ink.framework/Versions/A/Ink
0x0000000000000000 	/System/Library/Frameworks/CoreVideo.framework/Versions/A/CoreVideo
0x0000000000000000 	/System/Library/Frameworks/OpenGL.framework/Versions/A/OpenGL
0x0000000000000000 	/System/Library/Frameworks/OpenGL.framework/Versions/A/Libraries/libGLImage.dylib
0x0000000000000000 	/System/Library/Frameworks/OpenCL.framework/Versions/A/OpenCL
0x0000000000000000 	/System/Library/Frameworks/IOSurface.framework/Versions/A/IOSurface
0x0000000000000000 	/System/Library/Frameworks/OpenGL.framework/Versions/A/Libraries/libGLU.dylib
0x0000000000000000 	/System/Library/Frameworks/OpenGL.framework/Versions/A/Libraries/libGL.dylib
0x0000000000000000 	/System/Library/Frameworks/OpenGL.framework/Versions/A/Libraries/libGLProgrammability.dylib
0x0000000000000000 	/System/Library/Frameworks/OpenGL.framework/Versions/A/Libraries/libCoreVMClient.dylib
0x0000000000000000 	/System/Library/Frameworks/OpenGL.framework/Versions/A/Libraries/libGFXShared.dylib
0x0000000000000000 	/System/Library/Frameworks/SecurityFoundation.framework/Versions/A/SecurityFoundation
0x0000000000000000 	/System/Library/Frameworks/OpenDirectory.framework/Versions/A/OpenDirectory
0x0000000000000000 	/System/Library/PrivateFrameworks/CommerceKit.framework/Versions/A/Frameworks/CommerceCore.framework/Versions/A/CommerceCore
0x0000000000000000 	/System/Library/Frameworks/OpenDirectory.framework/Versions/A/Frameworks/CFOpenDirectory.framework/Versions/A/CFOpenDirectory
0x0000000000000000 	/System/Library/PrivateFrameworks/PasswordServer.framework/Versions/A/PasswordServer
0x0000000000000000 	/System/Library/Frameworks/DirectoryService.framework/Versions/A/DirectoryService
0x0000000000000000 	/usr/lib/libsasl2.2.dylib
0x0000000101800000 	/Library/Java/JavaVirtualMachines/jdk1.7.0_80.jdk/Contents/Home/jre/lib/server/libjvm.dylib
0x00000001000b5000 	/Library/Java/JavaVirtualMachines/jdk1.7.0_80.jdk/Contents/Home/jre/lib/libverify.dylib
0x00000001000c2000 	/Library/Java/JavaVirtualMachines/jdk1.7.0_80.jdk/Contents/Home/jre/lib/libjava.dylib
0x0000000100403000 	/Library/Java/JavaVirtualMachines/jdk1.7.0_80.jdk/Contents/Home/jre/lib/libzip.dylib
0x000000010b9fc000 	/System/Library/Frameworks/JavaVM.framework/Frameworks/JavaRuntimeSupport.framework/JavaRuntimeSupport
0x000000010ba18000 	/System/Library/Frameworks/JavaVM.framework/Versions/A/Frameworks/JavaNativeFoundation.framework/Versions/A/JavaNativeFoundation
0x000000010ba2e000 	/System/Library/Frameworks/JavaVM.framework/Versions/A/JavaVM
0x0000000000000000 	/System/Library/Frameworks/Carbon.framework/Versions/A/Carbon
0x0000000000000000 	/System/Library/PrivateFrameworks/CoreSymbolication.framework/Versions/A/CoreSymbolication
0x000000010ba3b000 	/System/Library/PrivateFrameworks/JavaLaunching.framework/Versions/A/JavaLaunching
0x0000000000000000 	/System/Library/Frameworks/Carbon.framework/Versions/A/Frameworks/CommonPanels.framework/Versions/A/CommonPanels
0x0000000000000000 	/System/Library/Frameworks/Carbon.framework/Versions/A/Frameworks/Help.framework/Versions/A/Help
0x0000000000000000 	/System/Library/Frameworks/Carbon.framework/Versions/A/Frameworks/ImageCapture.framework/Versions/A/ImageCapture
0x0000000000000000 	/System/Library/Frameworks/Carbon.framework/Versions/A/Frameworks/OpenScripting.framework/Versions/A/OpenScripting
0x0000000000000000 	/System/Library/Frameworks/Carbon.framework/Versions/A/Frameworks/Print.framework/Versions/A/Print
0x0000000000000000 	/System/Library/Frameworks/Carbon.framework/Versions/A/Frameworks/SecurityHI.framework/Versions/A/SecurityHI
0x0000000000000000 	/System/Library/PrivateFrameworks/DebugSymbols.framework/Versions/A/DebugSymbols
0x000000010c3f0000 	/Library/Java/JavaVirtualMachines/jdk1.7.0_80.jdk/Contents/Home/jre/lib/libnio.dylib
0x000000010c533000 	/Library/Java/JavaVirtualMachines/jdk1.7.0_80.jdk/Contents/Home/jre/lib/./libnet.dylib

VM Arguments:
jvm_args: -Dfile.encoding=UTF-8 -XX:+TieredCompilation -XX:TieredStopAtLevel=1 -XX:-OmitStackTraceInFastThrow -Dclojure.compile.path=/Users/Phonatacid/Documents/Code/Clojure/shuriken/target/classes -Dshuriken.version=0.13.8 -Dclojure.debug=false 
java_command: clojure.main -i /Users/Phonatacid/Documents/Code/Clojure/shuriken/target/c4dd19a010c2daf17fb23d9219cce97d1a5a13a7-init.clj
Launcher Type: SUN_STANDARD

Environment Variables:
CLASSPATH=/Users/Phonatacid/.lein/self-installs/leiningen-2.5.3-standalone.jar
PATH=/opt/local/bin:/opt/local/sbin:/usr/local/bin:/usr/bin:/bin:/usr/sbin:/sbin:/usr/local/bin:/usr/local/MacGPG2/bin:/Applications/Wireshark.app/Contents/MacOS:/usr/X11/bin:/Users/Phonatacid/.rvm/bin
SHELL=/bin/bash
DISPLAY=/tmp/launch-cZyiGS/org.x:0

Signal Handlers:
SIGSEGV: [libjvm.dylib+0x52e8c9], sa_mask[0]=0xfffefeff, sa_flags=0x00000043
SIGBUS: [libjvm.dylib+0x52e8c9], sa_mask[0]=0xfffefeff, sa_flags=0x00000042
SIGFPE: [libjvm.dylib+0x42022e], sa_mask[0]=0xfffefeff, sa_flags=0x00000042
SIGPIPE: [libjvm.dylib+0x42022e], sa_mask[0]=0xfffefeff, sa_flags=0x00000042
SIGXFSZ: [libjvm.dylib+0x42022e], sa_mask[0]=0xfffefeff, sa_flags=0x00000042
SIGILL: [libjvm.dylib+0x42022e], sa_mask[0]=0xfffefeff, sa_flags=0x00000042
SIGUSR1: SIG_DFL, sa_mask[0]=0x63807efb, sa_flags=0x00000000
SIGUSR2: [libjvm.dylib+0x41fd20], sa_mask[0]=0x00000004, sa_flags=0x00000042
SIGHUP: [libjvm.dylib+0x41dfd5], sa_mask[0]=0xfffefeff, sa_flags=0x00000042
SIGINT: [libjvm.dylib+0x41dfd5], sa_mask[0]=0xfffefeff, sa_flags=0x00000042
SIGTERM: [libjvm.dylib+0x41dfd5], sa_mask[0]=0xfffefeff, sa_flags=0x00000042
SIGQUIT: [libjvm.dylib+0x41dfd5], sa_mask[0]=0xfffefeff, sa_flags=0x00000042


---------------  S Y S T E M  ---------------

OS:Bsduname:Darwin 10.8.0 Darwin Kernel Version 10.8.0: Tue Jun  7 16:33:36 PDT 2011; root:xnu-1504.15.3~1/RELEASE_I386 i386
rlimit: STACK 8192k, CORE 0k, NPROC 266, NOFILE 10240, AS infinity
load average:2,69 1,74 1,32

CPU:total 2 (2 cores per cpu, 1 threads per core) family 6 model 15 stepping 10, cmov, cx8, fxsr, mmx, sse, sse2, sse3, ssse3, tsc

Memory: 4k page, physical 4194304k(1048576k free)

/proc/meminfo:


vm_info: Java HotSpot(TM) 64-Bit Server VM (24.80-b11) for bsd-amd64 JRE (1.7.0_80-b15), built on Apr 10 2015 11:25:43 by "java_re" with gcc 4.2.1 (Based on Apple Inc. build 5658) (LLVM build 2336.11.00)

time: Sun Dec 17 02:36:23 2017
elapsed time: 14 seconds

